mode: set
github.com/official-biswadeb941/Infermal_v2/app.go:35.13,50.16 5 0
github.com/official-biswadeb941/Infermal_v2/app.go:50.16,54.3 3 0
github.com/official-biswadeb941/Infermal_v2/app.go:59.2,59.37 1 0
github.com/official-biswadeb941/Infermal_v2/app.go:59.37,63.3 3 0
github.com/official-biswadeb941/Infermal_v2/app.go:65.2,71.16 3 0
github.com/official-biswadeb941/Infermal_v2/app.go:71.16,73.3 1 0
github.com/official-biswadeb941/Infermal_v2/app.go:75.2,91.16 4 0
github.com/official-biswadeb941/Infermal_v2/app.go:91.16,95.3 3 0
github.com/official-biswadeb941/Infermal_v2/app.go:97.2,98.16 2 0
github.com/official-biswadeb941/Infermal_v2/app.go:98.16,102.3 3 0
github.com/official-biswadeb941/Infermal_v2/app.go:107.2,108.16 2 0
github.com/official-biswadeb941/Infermal_v2/app.go:108.16,112.3 3 0
github.com/official-biswadeb941/Infermal_v2/app.go:117.2,141.56 10 0
github.com/official-biswadeb941/Infermal_v2/app.go:141.56,144.3 2 0
github.com/official-biswadeb941/Infermal_v2/app.go:146.2,151.38 4 0
github.com/official-biswadeb941/Infermal_v2/app.go:151.38,154.84 2 0
github.com/official-biswadeb941/Infermal_v2/app.go:154.84,157.18 1 0
github.com/official-biswadeb941/Infermal_v2/app.go:157.18,162.19 4 0
github.com/official-biswadeb941/Infermal_v2/app.go:162.19,163.23 1 0
github.com/official-biswadeb941/Infermal_v2/app.go:163.23,165.7 1 0
github.com/official-biswadeb941/Infermal_v2/app.go:166.6,166.23 1 0
github.com/official-biswadeb941/Infermal_v2/app.go:166.23,168.7 1 0
github.com/official-biswadeb941/Infermal_v2/app.go:173.4,173.20 1 0
github.com/official-biswadeb941/Infermal_v2/app.go:173.20,174.12 1 0
github.com/official-biswadeb941/Infermal_v2/app.go:175.23,176.46 1 0
github.com/official-biswadeb941/Infermal_v2/app.go:177.23,177.23 0 0
github.com/official-biswadeb941/Infermal_v2/app.go:182.4,182.8 1 0
github.com/official-biswadeb941/Infermal_v2/app.go:182.8,183.12 1 0
github.com/official-biswadeb941/Infermal_v2/app.go:184.23,185.46 1 0
github.com/official-biswadeb941/Infermal_v2/app.go:186.13,186.13 0 0
github.com/official-biswadeb941/Infermal_v2/app.go:189.5,190.19 2 0
github.com/official-biswadeb941/Infermal_v2/app.go:190.19,191.11 1 0
github.com/official-biswadeb941/Infermal_v2/app.go:193.5,193.16 1 0
github.com/official-biswadeb941/Infermal_v2/app.go:193.16,194.11 1 0
github.com/official-biswadeb941/Infermal_v2/app.go:197.5,197.38 1 0
github.com/official-biswadeb941/Infermal_v2/app.go:201.4,203.10 2 0
github.com/official-biswadeb941/Infermal_v2/app.go:203.10,204.19 1 0
github.com/official-biswadeb941/Infermal_v2/app.go:204.19,205.29 1 0
github.com/official-biswadeb941/Infermal_v2/app.go:205.29,209.7 3 0
github.com/official-biswadeb941/Infermal_v2/app.go:211.5,211.28 1 0
github.com/official-biswadeb941/Infermal_v2/app.go:214.4,214.18 1 0
github.com/official-biswadeb941/Infermal_v2/app.go:214.18,215.28 1 0
github.com/official-biswadeb941/Infermal_v2/app.go:215.28,219.6 3 0
github.com/official-biswadeb941/Infermal_v2/app.go:222.4,222.29 1 0
github.com/official-biswadeb941/Infermal_v2/app.go:225.3,226.17 2 0
github.com/official-biswadeb941/Infermal_v2/app.go:226.17,229.12 3 0
github.com/official-biswadeb941/Infermal_v2/app.go:232.3,233.40 2 0
github.com/official-biswadeb941/Infermal_v2/app.go:233.40,237.11 3 0
github.com/official-biswadeb941/Infermal_v2/app.go:237.11,241.5 3 0
github.com/official-biswadeb941/Infermal_v2/app.go:243.4,243.51 1 0
github.com/official-biswadeb941/Infermal_v2/app.go:243.51,246.5 2 0
github.com/official-biswadeb941/Infermal_v2/app.go:248.4,251.71 3 0
github.com/official-biswadeb941/Infermal_v2/app.go:251.71,253.5 1 0
github.com/official-biswadeb941/Infermal_v2/app.go:258.2,271.15 8 0
github.com/official-biswadeb941/Infermal_v2/app.go:35.13,50.16 5 0
github.com/official-biswadeb941/Infermal_v2/app.go:50.16,54.3 3 0
github.com/official-biswadeb941/Infermal_v2/app.go:59.2,59.37 1 0
github.com/official-biswadeb941/Infermal_v2/app.go:59.37,63.3 3 0
github.com/official-biswadeb941/Infermal_v2/app.go:65.2,71.16 3 0
github.com/official-biswadeb941/Infermal_v2/app.go:71.16,73.3 1 0
github.com/official-biswadeb941/Infermal_v2/app.go:75.2,91.16 4 0
github.com/official-biswadeb941/Infermal_v2/app.go:91.16,95.3 3 0
github.com/official-biswadeb941/Infermal_v2/app.go:97.2,98.16 2 0
github.com/official-biswadeb941/Infermal_v2/app.go:98.16,102.3 3 0
github.com/official-biswadeb941/Infermal_v2/app.go:107.2,108.16 2 0
github.com/official-biswadeb941/Infermal_v2/app.go:108.16,112.3 3 0
github.com/official-biswadeb941/Infermal_v2/app.go:117.2,141.56 10 0
github.com/official-biswadeb941/Infermal_v2/app.go:141.56,144.3 2 0
github.com/official-biswadeb941/Infermal_v2/app.go:146.2,151.38 4 0
github.com/official-biswadeb941/Infermal_v2/app.go:151.38,154.84 2 0
github.com/official-biswadeb941/Infermal_v2/app.go:154.84,157.18 1 0
github.com/official-biswadeb941/Infermal_v2/app.go:157.18,162.19 4 0
github.com/official-biswadeb941/Infermal_v2/app.go:162.19,163.23 1 0
github.com/official-biswadeb941/Infermal_v2/app.go:163.23,165.7 1 0
github.com/official-biswadeb941/Infermal_v2/app.go:166.6,166.23 1 0
github.com/official-biswadeb941/Infermal_v2/app.go:166.23,168.7 1 0
github.com/official-biswadeb941/Infermal_v2/app.go:173.4,173.20 1 0
github.com/official-biswadeb941/Infermal_v2/app.go:173.20,174.12 1 0
github.com/official-biswadeb941/Infermal_v2/app.go:175.23,176.46 1 0
github.com/official-biswadeb941/Infermal_v2/app.go:177.23,177.23 0 0
github.com/official-biswadeb941/Infermal_v2/app.go:182.4,182.8 1 0
github.com/official-biswadeb941/Infermal_v2/app.go:182.8,183.12 1 0
github.com/official-biswadeb941/Infermal_v2/app.go:184.23,185.46 1 0
github.com/official-biswadeb941/Infermal_v2/app.go:186.13,186.13 0 0
github.com/official-biswadeb941/Infermal_v2/app.go:189.5,190.19 2 0
github.com/official-biswadeb941/Infermal_v2/app.go:190.19,191.11 1 0
github.com/official-biswadeb941/Infermal_v2/app.go:193.5,193.16 1 0
github.com/official-biswadeb941/Infermal_v2/app.go:193.16,194.11 1 0
github.com/official-biswadeb941/Infermal_v2/app.go:197.5,197.38 1 0
github.com/official-biswadeb941/Infermal_v2/app.go:201.4,203.10 2 0
github.com/official-biswadeb941/Infermal_v2/app.go:203.10,204.19 1 0
github.com/official-biswadeb941/Infermal_v2/app.go:204.19,205.29 1 0
github.com/official-biswadeb941/Infermal_v2/app.go:205.29,209.7 3 0
github.com/official-biswadeb941/Infermal_v2/app.go:211.5,211.28 1 0
github.com/official-biswadeb941/Infermal_v2/app.go:214.4,214.18 1 0
github.com/official-biswadeb941/Infermal_v2/app.go:214.18,215.28 1 0
github.com/official-biswadeb941/Infermal_v2/app.go:215.28,219.6 3 0
github.com/official-biswadeb941/Infermal_v2/app.go:222.4,222.29 1 0
github.com/official-biswadeb941/Infermal_v2/app.go:225.3,226.17 2 0
github.com/official-biswadeb941/Infermal_v2/app.go:226.17,229.12 3 0
github.com/official-biswadeb941/Infermal_v2/app.go:232.3,233.40 2 0
github.com/official-biswadeb941/Infermal_v2/app.go:233.40,237.11 3 0
github.com/official-biswadeb941/Infermal_v2/app.go:237.11,241.5 3 0
github.com/official-biswadeb941/Infermal_v2/app.go:243.4,243.51 1 0
github.com/official-biswadeb941/Infermal_v2/app.go:243.51,246.5 2 0
github.com/official-biswadeb941/Infermal_v2/app.go:248.4,251.71 3 0
github.com/official-biswadeb941/Infermal_v2/app.go:251.71,253.5 1 0
github.com/official-biswadeb941/Infermal_v2/app.go:258.2,271.15 8 0
github.com/official-biswadeb941/Infermal_v2/Modules/Config/config.go:42.54,45.49 2 1
github.com/official-biswadeb941/Infermal_v2/Modules/Config/config.go:45.49,48.17 2 1
github.com/official-biswadeb941/Infermal_v2/Modules/Config/config.go:48.17,50.4 1 0
github.com/official-biswadeb941/Infermal_v2/Modules/Config/config.go:51.3,51.28 1 1
github.com/official-biswadeb941/Infermal_v2/Modules/Config/config.go:55.2,55.26 1 1
github.com/official-biswadeb941/Infermal_v2/Modules/Config/config.go:58.38,60.16 2 1
github.com/official-biswadeb941/Infermal_v2/Modules/Config/config.go:60.16,62.3 1 0
github.com/official-biswadeb941/Infermal_v2/Modules/Config/config.go:63.2,90.12 3 1
github.com/official-biswadeb941/Infermal_v2/Modules/Config/config.go:93.47,95.16 2 1
github.com/official-biswadeb941/Infermal_v2/Modules/Config/config.go:95.16,97.3 1 0
github.com/official-biswadeb941/Infermal_v2/Modules/Config/config.go:98.2,103.21 4 1
github.com/official-biswadeb941/Infermal_v2/Modules/Config/config.go:103.21,105.49 2 1
github.com/official-biswadeb941/Infermal_v2/Modules/Config/config.go:105.49,106.12 1 1
github.com/official-biswadeb941/Infermal_v2/Modules/Config/config.go:109.3,110.22 2 1
github.com/official-biswadeb941/Infermal_v2/Modules/Config/config.go:110.22,111.12 1 1
github.com/official-biswadeb941/Infermal_v2/Modules/Config/config.go:114.3,116.14 2 1
github.com/official-biswadeb941/Infermal_v2/Modules/Config/config.go:119.21,120.42 1 1
github.com/official-biswadeb941/Infermal_v2/Modules/Config/config.go:121.25,122.46 1 1
github.com/official-biswadeb941/Infermal_v2/Modules/Config/config.go:123.28,124.49 1 0
github.com/official-biswadeb941/Infermal_v2/Modules/Config/config.go:125.26,126.47 1 0
github.com/official-biswadeb941/Infermal_v2/Modules/Config/config.go:127.22,128.43 1 0
github.com/official-biswadeb941/Infermal_v2/Modules/Config/config.go:129.20,130.37 1 1
github.com/official-biswadeb941/Infermal_v2/Modules/Config/config.go:133.23,134.27 1 1
github.com/official-biswadeb941/Infermal_v2/Modules/Config/config.go:135.21,136.25 1 0
github.com/official-biswadeb941/Infermal_v2/Modules/Config/config.go:137.22,138.43 1 1
github.com/official-biswadeb941/Infermal_v2/Modules/Config/config.go:139.25,141.32 2 1
github.com/official-biswadeb941/Infermal_v2/Modules/Config/config.go:145.2,145.27 1 1
github.com/official-biswadeb941/Infermal_v2/Modules/Cooldown/cooldown.go:18.28,24.2 1 0
github.com/official-biswadeb941/Infermal_v2/Modules/Cooldown/cooldown.go:27.45,35.2 4 0
github.com/official-biswadeb941/Infermal_v2/Modules/Cooldown/cooldown.go:38.33,40.2 1 0
github.com/official-biswadeb941/Infermal_v2/Modules/Cooldown/cooldown.go:43.37,44.17 1 0
github.com/official-biswadeb941/Infermal_v2/Modules/Cooldown/cooldown.go:44.17,46.3 1 0
github.com/official-biswadeb941/Infermal_v2/Modules/Cooldown/cooldown.go:48.2,51.18 3 0
github.com/official-biswadeb941/Infermal_v2/Modules/Cooldown/cooldown.go:51.18,53.3 1 0
github.com/official-biswadeb941/Infermal_v2/Modules/Cooldown/cooldown.go:55.2,55.57 1 0
github.com/official-biswadeb941/Infermal_v2/Modules/Cooldown/cooldown.go:59.40,61.2 1 0
github.com/official-biswadeb941/Infermal_v2/Modules/Cooldown/cooldown.go:64.34,67.12 2 0
github.com/official-biswadeb941/Infermal_v2/Modules/Cooldown/cooldown.go:67.12,69.22 2 0
github.com/official-biswadeb941/Infermal_v2/Modules/Cooldown/cooldown.go:69.22,70.19 1 0
github.com/official-biswadeb941/Infermal_v2/Modules/Cooldown/cooldown.go:70.19,71.13 1 0
github.com/official-biswadeb941/Infermal_v2/Modules/Cooldown/cooldown.go:74.4,77.20 3 0
github.com/official-biswadeb941/Infermal_v2/Modules/Cooldown/cooldown.go:77.20,80.5 2 0
github.com/official-biswadeb941/Infermal_v2/Modules/DNS/dns.go:28.40,31.22 2 0
github.com/official-biswadeb941/Infermal_v2/Modules/DNS/dns.go:31.22,33.3 1 0
github.com/official-biswadeb941/Infermal_v2/Modules/DNS/dns.go:35.2,36.15 2 0
github.com/official-biswadeb941/Infermal_v2/Modules/DNS/dns.go:41.49,42.22 1 0
github.com/official-biswadeb941/Infermal_v2/Modules/DNS/dns.go:42.22,44.3 1 0
github.com/official-biswadeb941/Infermal_v2/Modules/DNS/dns.go:46.2,49.39 3 0
github.com/official-biswadeb941/Infermal_v2/Modules/DNS/dns.go:54.75,55.22 1 0
github.com/official-biswadeb941/Infermal_v2/Modules/DNS/dns.go:55.22,57.3 1 0
github.com/official-biswadeb941/Infermal_v2/Modules/DNS/dns.go:58.2,58.39 1 0
github.com/official-biswadeb941/Infermal_v2/Modules/DNS/dns.go:63.21,64.22 1 0
github.com/official-biswadeb941/Infermal_v2/Modules/DNS/dns.go:64.22,66.3 1 0
github.com/official-biswadeb941/Infermal_v2/Modules/DNS/dns.go:67.2,67.30 1 0
github.com/official-biswadeb941/Infermal_v2/Modules/DNS/dns.go:67.30,69.3 1 0
github.com/official-biswadeb941/Infermal_v2/Modules/DNS/dns.go:70.2,70.12 1 0
github.com/official-biswadeb941/Infermal_v2/Modules/DNS/dns.go:79.27,82.16 3 0
github.com/official-biswadeb941/Infermal_v2/Modules/DNS/dns.go:82.16,84.3 1 0
github.com/official-biswadeb941/Infermal_v2/Modules/DNS/dns.go:86.2,87.24 2 0
github.com/official-biswadeb941/Infermal_v2/Modules/DNS/dns.go:87.24,94.3 1 0
github.com/official-biswadeb941/Infermal_v2/Modules/DNS/dns.go:96.2,97.22 2 0
github.com/official-biswadeb941/Infermal_v2/Modules/DNS/dns.go:97.22,104.3 1 0
github.com/official-biswadeb941/Infermal_v2/Modules/DNS/dns.go:106.2,110.3 1 0
github.com/official-biswadeb941/Infermal_v2/Modules/DNS/dns.go:124.73,129.20 1 0
github.com/official-biswadeb941/Infermal_v2/Modules/DNS/dns.go:129.20,134.17 4 0
github.com/official-biswadeb941/Infermal_v2/Modules/DNS/dns.go:134.17,135.15 1 0
github.com/official-biswadeb941/Infermal_v2/Modules/DNS/dns.go:136.13,137.21 1 0
github.com/official-biswadeb941/Infermal_v2/Modules/DNS/dns.go:138.13,139.22 1 0
github.com/official-biswadeb941/Infermal_v2/Modules/DNS/dns.go:147.2,153.22 3 0
github.com/official-biswadeb941/Infermal_v2/Modules/DNS/dns.go:153.22,155.3 1 0
github.com/official-biswadeb941/Infermal_v2/Modules/DNS/dns.go:157.2,158.22 2 0
github.com/official-biswadeb941/Infermal_v2/Modules/DNS/dns.go:158.22,161.3 2 0
github.com/official-biswadeb941/Infermal_v2/Modules/DNS/dns.go:166.2,166.21 1 0
github.com/official-biswadeb941/Infermal_v2/Modules/DNS/dns.go:166.21,168.25 2 0
github.com/official-biswadeb941/Infermal_v2/Modules/DNS/dns.go:168.25,171.4 2 0
github.com/official-biswadeb941/Infermal_v2/Modules/DNS/dns.go:177.2,177.24 1 0
github.com/official-biswadeb941/Infermal_v2/Modules/DNS/dns.go:177.24,179.25 2 0
github.com/official-biswadeb941/Infermal_v2/Modules/DNS/dns.go:179.25,182.4 2 0
github.com/official-biswadeb941/Infermal_v2/Modules/DNS/dns.go:188.2,190.16 2 0
github.com/official-biswadeb941/Infermal_v2/Modules/DNS/dns.go:190.16,192.3 1 0
github.com/official-biswadeb941/Infermal_v2/Modules/DNS/dns.go:193.2,193.51 1 0
github.com/official-biswadeb941/Infermal_v2/Modules/DNS/dns.go:202.77,203.20 1 0
github.com/official-biswadeb941/Infermal_v2/Modules/DNS/dns.go:203.20,205.3 1 0
github.com/official-biswadeb941/Infermal_v2/Modules/DNS/dns.go:207.2,207.12 1 0
github.com/official-biswadeb941/Infermal_v2/Modules/DNS/dns.go:207.12,211.3 3 0
github.com/official-biswadeb941/Infermal_v2/Modules/DNS/dns_utils.go:59.43,61.2 1 0
github.com/official-biswadeb941/Infermal_v2/Modules/DNS/dns_utils.go:63.36,65.2 1 0
github.com/official-biswadeb941/Infermal_v2/Modules/DNS/dns_utils.go:73.39,75.2 1 0
github.com/official-biswadeb941/Infermal_v2/Modules/DNS/dns_utils.go:77.38,79.2 1 0
github.com/official-biswadeb941/Infermal_v2/Modules/DNS/stub-resolver/stub.go:25.36,26.31 1 0
github.com/official-biswadeb941/Infermal_v2/Modules/DNS/stub-resolver/stub.go:26.31,26.49 1 0
github.com/official-biswadeb941/Infermal_v2/Modules/DNS/stub-resolver/stub.go:28.32,29.31 1 0
github.com/official-biswadeb941/Infermal_v2/Modules/DNS/stub-resolver/stub.go:29.31,29.48 1 0
github.com/official-biswadeb941/Infermal_v2/Modules/DNS/stub-resolver/stub.go:31.40,32.31 1 0
github.com/official-biswadeb941/Infermal_v2/Modules/DNS/stub-resolver/stub.go:32.31,32.46 1 0
github.com/official-biswadeb941/Infermal_v2/Modules/DNS/stub-resolver/stub.go:34.42,35.31 1 0
github.com/official-biswadeb941/Infermal_v2/Modules/DNS/stub-resolver/stub.go:35.31,35.48 1 0
github.com/official-biswadeb941/Infermal_v2/Modules/DNS/stub-resolver/stub.go:38.40,40.27 2 0
github.com/official-biswadeb941/Infermal_v2/Modules/DNS/stub-resolver/stub.go:40.27,42.3 1 0
github.com/official-biswadeb941/Infermal_v2/Modules/DNS/stub-resolver/stub.go:43.2,43.10 1 0
github.com/official-biswadeb941/Infermal_v2/Modules/DNS/stub-resolver/stub.go:50.102,51.22 1 0
github.com/official-biswadeb941/Infermal_v2/Modules/DNS/stub-resolver/stub.go:51.22,53.3 1 0
github.com/official-biswadeb941/Infermal_v2/Modules/DNS/stub-resolver/stub.go:55.2,69.12 7 0
github.com/official-biswadeb941/Infermal_v2/Modules/DNS/stub-resolver/stub.go:69.12,71.17 2 0
github.com/official-biswadeb941/Infermal_v2/Modules/DNS/stub-resolver/stub.go:71.17,74.4 2 0
github.com/official-biswadeb941/Infermal_v2/Modules/DNS/stub-resolver/stub.go:75.3,75.19 1 0
github.com/official-biswadeb941/Infermal_v2/Modules/DNS/stub-resolver/stub.go:78.2,78.9 1 0
github.com/official-biswadeb941/Infermal_v2/Modules/DNS/stub-resolver/stub.go:79.20,80.24 1 0
github.com/official-biswadeb941/Infermal_v2/Modules/DNS/stub-resolver/stub.go:81.26,82.19 1 0
github.com/official-biswadeb941/Infermal_v2/Modules/DNS/stub-resolver/stub.go:83.22,84.18 1 0
github.com/official-biswadeb941/Infermal_v2/Modules/DNS/stub-resolver/stub.go:92.82,93.18 1 0
github.com/official-biswadeb941/Infermal_v2/Modules/DNS/stub-resolver/stub.go:93.18,95.3 1 0
github.com/official-biswadeb941/Infermal_v2/Modules/DNS/stub-resolver/stub.go:96.2,96.22 1 0
github.com/official-biswadeb941/Infermal_v2/Modules/DNS/stub-resolver/stub.go:96.22,98.3 1 0
github.com/official-biswadeb941/Infermal_v2/Modules/DNS/stub-resolver/stub.go:99.2,99.20 1 0
github.com/official-biswadeb941/Infermal_v2/Modules/DNS/stub-resolver/stub.go:99.20,101.3 1 0
github.com/official-biswadeb941/Infermal_v2/Modules/DNS/stub-resolver/stub.go:102.2,102.20 1 0
github.com/official-biswadeb941/Infermal_v2/Modules/DNS/stub-resolver/stub.go:102.20,104.3 1 0
github.com/official-biswadeb941/Infermal_v2/Modules/DNS/stub-resolver/stub.go:106.2,109.31 3 0
github.com/official-biswadeb941/Infermal_v2/Modules/DNS/stub-resolver/stub.go:109.31,111.52 1 0
github.com/official-biswadeb941/Infermal_v2/Modules/DNS/stub-resolver/stub.go:111.52,118.57 4 0
github.com/official-biswadeb941/Infermal_v2/Modules/DNS/stub-resolver/stub.go:118.57,120.5 1 0
github.com/official-biswadeb941/Infermal_v2/Modules/DNS/stub-resolver/stub.go:123.4,123.19 1 0
github.com/official-biswadeb941/Infermal_v2/Modules/DNS/stub-resolver/stub.go:123.19,124.12 1 0
github.com/official-biswadeb941/Infermal_v2/Modules/DNS/stub-resolver/stub.go:125.23,126.29 1 0
github.com/official-biswadeb941/Infermal_v2/Modules/DNS/stub-resolver/stub.go:127.32,127.32 0 0
github.com/official-biswadeb941/Infermal_v2/Modules/DNS/stub-resolver/stub.go:133.2,133.19 1 0
github.com/official-biswadeb941/Infermal_v2/Modules/Domain_Generator/domain_generator.go:27.39,35.27 4 0
github.com/official-biswadeb941/Infermal_v2/Modules/Domain_Generator/domain_generator.go:35.27,37.3 1 0
github.com/official-biswadeb941/Infermal_v2/Modules/Domain_Generator/domain_generator.go:38.2,38.10 1 0
github.com/official-biswadeb941/Infermal_v2/Modules/Domain_Generator/domain_generator.go:45.50,47.16 2 0
github.com/official-biswadeb941/Infermal_v2/Modules/Domain_Generator/domain_generator.go:47.16,49.3 1 0
github.com/official-biswadeb941/Infermal_v2/Modules/Domain_Generator/domain_generator.go:50.2,54.16 4 0
github.com/official-biswadeb941/Infermal_v2/Modules/Domain_Generator/domain_generator.go:54.16,56.3 1 0
github.com/official-biswadeb941/Infermal_v2/Modules/Domain_Generator/domain_generator.go:58.2,59.27 2 0
github.com/official-biswadeb941/Infermal_v2/Modules/Domain_Generator/domain_generator.go:59.27,60.20 1 0
github.com/official-biswadeb941/Infermal_v2/Modules/Domain_Generator/domain_generator.go:60.20,61.12 1 0
github.com/official-biswadeb941/Infermal_v2/Modules/Domain_Generator/domain_generator.go:65.3,65.59 1 0
github.com/official-biswadeb941/Infermal_v2/Modules/Domain_Generator/domain_generator.go:65.59,66.12 1 0
github.com/official-biswadeb941/Infermal_v2/Modules/Domain_Generator/domain_generator.go:69.3,70.20 2 0
github.com/official-biswadeb941/Infermal_v2/Modules/Domain_Generator/domain_generator.go:70.20,72.4 1 0
github.com/official-biswadeb941/Infermal_v2/Modules/Domain_Generator/domain_generator.go:74.2,74.18 1 0
github.com/official-biswadeb941/Infermal_v2/Modules/Domain_Generator/domain_generator.go:81.43,83.29 2 0
github.com/official-biswadeb941/Infermal_v2/Modules/Domain_Generator/domain_generator.go:83.29,84.34 1 0
github.com/official-biswadeb941/Infermal_v2/Modules/Domain_Generator/domain_generator.go:84.34,86.4 1 0
github.com/official-biswadeb941/Infermal_v2/Modules/Domain_Generator/domain_generator.go:88.2,88.12 1 0
github.com/official-biswadeb941/Infermal_v2/Modules/Domain_Generator/domain_generator.go:91.57,93.25 2 0
github.com/official-biswadeb941/Infermal_v2/Modules/Domain_Generator/domain_generator.go:93.25,94.61 1 0
github.com/official-biswadeb941/Infermal_v2/Modules/Domain_Generator/domain_generator.go:94.61,96.4 1 0
github.com/official-biswadeb941/Infermal_v2/Modules/Domain_Generator/domain_generator.go:98.2,98.12 1 0
github.com/official-biswadeb941/Infermal_v2/Modules/Domain_Generator/domain_generator.go:101.44,125.2 20 0
github.com/official-biswadeb941/Infermal_v2/Modules/Domain_Generator/domain_generator.go:131.53,133.16 2 0
github.com/official-biswadeb941/Infermal_v2/Modules/Domain_Generator/domain_generator.go:133.16,135.3 1 0
github.com/official-biswadeb941/Infermal_v2/Modules/Domain_Generator/domain_generator.go:137.2,138.32 2 0
github.com/official-biswadeb941/Infermal_v2/Modules/Domain_Generator/domain_generator.go:138.32,140.3 1 0
github.com/official-biswadeb941/Infermal_v2/Modules/Domain_Generator/domain_generator.go:142.2,142.17 1 0
github.com/official-biswadeb941/Infermal_v2/Modules/Domain_Generator/Bitsquatting/bitsquatting.go:6.36,7.26 1 0
github.com/official-biswadeb941/Infermal_v2/Modules/Domain_Generator/Bitsquatting/bitsquatting.go:7.26,9.3 1 0
github.com/official-biswadeb941/Infermal_v2/Modules/Domain_Generator/Bitsquatting/bitsquatting.go:10.2,10.26 1 0
github.com/official-biswadeb941/Infermal_v2/Modules/Domain_Generator/Bitsquatting/bitsquatting.go:10.26,12.3 1 0
github.com/official-biswadeb941/Infermal_v2/Modules/Domain_Generator/Bitsquatting/bitsquatting.go:13.2,13.26 1 0
github.com/official-biswadeb941/Infermal_v2/Modules/Domain_Generator/Bitsquatting/bitsquatting.go:13.26,15.3 1 0
github.com/official-biswadeb941/Infermal_v2/Modules/Domain_Generator/Bitsquatting/bitsquatting.go:16.2,16.14 1 0
github.com/official-biswadeb941/Infermal_v2/Modules/Domain_Generator/Bitsquatting/bitsquatting.go:16.14,18.3 1 0
github.com/official-biswadeb941/Infermal_v2/Modules/Domain_Generator/Bitsquatting/bitsquatting.go:19.2,19.14 1 0
github.com/official-biswadeb941/Infermal_v2/Modules/Domain_Generator/Bitsquatting/bitsquatting.go:23.45,27.33 3 0
github.com/official-biswadeb941/Infermal_v2/Modules/Domain_Generator/Bitsquatting/bitsquatting.go:27.33,30.32 2 0
github.com/official-biswadeb941/Infermal_v2/Modules/Domain_Generator/Bitsquatting/bitsquatting.go:30.32,34.34 3 0
github.com/official-biswadeb941/Infermal_v2/Modules/Domain_Generator/Bitsquatting/bitsquatting.go:34.34,35.13 1 0
github.com/official-biswadeb941/Infermal_v2/Modules/Domain_Generator/Bitsquatting/bitsquatting.go:38.4,43.19 5 0
github.com/official-biswadeb941/Infermal_v2/Modules/Domain_Generator/Bitsquatting/bitsquatting.go:43.19,45.5 1 0
github.com/official-biswadeb941/Infermal_v2/Modules/Domain_Generator/Bitsquatting/bitsquatting.go:49.2,50.28 2 0
github.com/official-biswadeb941/Infermal_v2/Modules/Domain_Generator/Bitsquatting/bitsquatting.go:50.28,52.3 1 0
github.com/official-biswadeb941/Infermal_v2/Modules/Domain_Generator/Bitsquatting/bitsquatting.go:54.2,55.16 2 0
github.com/official-biswadeb941/Infermal_v2/Modules/Domain_Generator/Bitsquatting/bitsquatting.go:62.41,64.2 1 0
github.com/official-biswadeb941/Infermal_v2/Modules/Domain_Generator/Combosquat/combo_squat.go:10.31,12.2 1 0
github.com/official-biswadeb941/Infermal_v2/Modules/Domain_Generator/Combosquat/combo_squat.go:17.45,24.15 5 0
github.com/official-biswadeb941/Infermal_v2/Modules/Domain_Generator/Combosquat/combo_squat.go:24.15,26.3 1 0
github.com/official-biswadeb941/Infermal_v2/Modules/Domain_Generator/Combosquat/combo_squat.go:27.2,27.15 1 0
github.com/official-biswadeb941/Infermal_v2/Modules/Domain_Generator/Combosquat/combo_squat.go:27.15,29.3 1 0
github.com/official-biswadeb941/Infermal_v2/Modules/Domain_Generator/Combosquat/combo_squat.go:31.2,34.29 3 0
github.com/official-biswadeb941/Infermal_v2/Modules/Domain_Generator/Combosquat/combo_squat.go:34.29,36.3 1 0
github.com/official-biswadeb941/Infermal_v2/Modules/Domain_Generator/Combosquat/combo_squat.go:38.2,38.29 1 0
github.com/official-biswadeb941/Infermal_v2/Modules/Domain_Generator/Combosquat/combo_squat.go:38.29,41.30 2 0
github.com/official-biswadeb941/Infermal_v2/Modules/Domain_Generator/Combosquat/combo_squat.go:41.30,43.26 2 0
github.com/official-biswadeb941/Infermal_v2/Modules/Domain_Generator/Combosquat/combo_squat.go:43.26,45.5 1 0
github.com/official-biswadeb941/Infermal_v2/Modules/Domain_Generator/Combosquat/combo_squat.go:47.4,51.17 4 0
github.com/official-biswadeb941/Infermal_v2/Modules/Domain_Generator/Combosquat/combo_squat.go:51.17,52.18 1 0
github.com/official-biswadeb941/Infermal_v2/Modules/Domain_Generator/Combosquat/combo_squat.go:52.18,54.6 1 0
github.com/official-biswadeb941/Infermal_v2/Modules/Domain_Generator/Combosquat/combo_squat.go:54.11,56.6 1 0
github.com/official-biswadeb941/Infermal_v2/Modules/Domain_Generator/Combosquat/combo_squat.go:57.10,58.18 1 0
github.com/official-biswadeb941/Infermal_v2/Modules/Domain_Generator/Combosquat/combo_squat.go:58.18,60.6 1 0
github.com/official-biswadeb941/Infermal_v2/Modules/Domain_Generator/Combosquat/combo_squat.go:60.11,62.6 1 0
github.com/official-biswadeb941/Infermal_v2/Modules/Domain_Generator/Combosquat/combo_squat.go:66.3,66.26 1 0
github.com/official-biswadeb941/Infermal_v2/Modules/Domain_Generator/Combosquat/combo_squat.go:69.2,69.19 1 0
github.com/official-biswadeb941/Infermal_v2/Modules/Domain_Generator/Combosquat/combo_squat.go:77.39,82.19 3 0
github.com/official-biswadeb941/Infermal_v2/Modules/Domain_Generator/Combosquat/combo_squat.go:82.19,84.3 1 0
github.com/official-biswadeb941/Infermal_v2/Modules/Domain_Generator/Combosquat/combo_squat.go:87.2,87.19 1 0
github.com/official-biswadeb941/Infermal_v2/Modules/Domain_Generator/Combosquat/combo_squat.go:87.19,88.34 1 0
github.com/official-biswadeb941/Infermal_v2/Modules/Domain_Generator/Combosquat/combo_squat.go:88.34,94.4 2 0
github.com/official-biswadeb941/Infermal_v2/Modules/Domain_Generator/Combosquat/combo_squat.go:98.2,98.19 1 0
github.com/official-biswadeb941/Infermal_v2/Modules/Domain_Generator/Combosquat/combo_squat.go:98.19,99.34 1 0
github.com/official-biswadeb941/Infermal_v2/Modules/Domain_Generator/Combosquat/combo_squat.go:99.34,100.18 1 0
github.com/official-biswadeb941/Infermal_v2/Modules/Domain_Generator/Combosquat/combo_squat.go:100.18,105.5 4 0
github.com/official-biswadeb941/Infermal_v2/Modules/Domain_Generator/Combosquat/combo_squat.go:110.2,110.32 1 0
github.com/official-biswadeb941/Infermal_v2/Modules/Domain_Generator/Combosquat/combo_squat.go:110.32,115.3 4 0
github.com/official-biswadeb941/Infermal_v2/Modules/Domain_Generator/Combosquat/combo_squat.go:117.2,117.12 1 0
github.com/official-biswadeb941/Infermal_v2/Modules/Domain_Generator/Combosquat/combo_squat.go:124.41,131.31 5 0
github.com/official-biswadeb941/Infermal_v2/Modules/Domain_Generator/Combosquat/combo_squat.go:131.31,132.18 1 0
github.com/official-biswadeb941/Infermal_v2/Modules/Domain_Generator/Combosquat/combo_squat.go:132.18,133.12 1 0
github.com/official-biswadeb941/Infermal_v2/Modules/Domain_Generator/Combosquat/combo_squat.go:135.3,135.14 1 0
github.com/official-biswadeb941/Infermal_v2/Modules/Domain_Generator/Combosquat/combo_squat.go:135.14,136.12 1 0
github.com/official-biswadeb941/Infermal_v2/Modules/Domain_Generator/Combosquat/combo_squat.go:138.3,141.42 2 0
github.com/official-biswadeb941/Infermal_v2/Modules/Domain_Generator/Combosquat/combo_squat.go:141.42,143.4 1 0
github.com/official-biswadeb941/Infermal_v2/Modules/Domain_Generator/Combosquat/combo_squat.go:146.2,146.15 1 0
github.com/official-biswadeb941/Infermal_v2/Modules/Domain_Generator/Homograph/homograph.go:19.47,25.29 4 0
github.com/official-biswadeb941/Infermal_v2/Modules/Domain_Generator/Homograph/homograph.go:25.29,26.48 1 0
github.com/official-biswadeb941/Infermal_v2/Modules/Domain_Generator/Homograph/homograph.go:26.48,27.35 1 0
github.com/official-biswadeb941/Infermal_v2/Modules/Domain_Generator/Homograph/homograph.go:27.35,32.5 4 0
github.com/official-biswadeb941/Infermal_v2/Modules/Domain_Generator/Homograph/homograph.go:36.2,36.12 1 0
github.com/official-biswadeb941/Infermal_v2/Modules/Domain_Generator/Homograph/homograph.go:43.38,45.2 1 0
github.com/official-biswadeb941/Infermal_v2/Modules/Domain_Generator/Jarowinkler/jarowinkler.go:9.24,10.11 1 0
github.com/official-biswadeb941/Infermal_v2/Modules/Domain_Generator/Jarowinkler/jarowinkler.go:10.11,12.3 1 0
github.com/official-biswadeb941/Infermal_v2/Modules/Domain_Generator/Jarowinkler/jarowinkler.go:13.2,13.10 1 0
github.com/official-biswadeb941/Infermal_v2/Modules/Domain_Generator/Jarowinkler/jarowinkler.go:16.24,17.11 1 0
github.com/official-biswadeb941/Infermal_v2/Modules/Domain_Generator/Jarowinkler/jarowinkler.go:17.11,19.3 1 0
github.com/official-biswadeb941/Infermal_v2/Modules/Domain_Generator/Jarowinkler/jarowinkler.go:20.2,20.10 1 0
github.com/official-biswadeb941/Infermal_v2/Modules/Domain_Generator/Jarowinkler/jarowinkler.go:27.42,31.28 3 0
github.com/official-biswadeb941/Infermal_v2/Modules/Domain_Generator/Jarowinkler/jarowinkler.go:31.28,33.3 1 0
github.com/official-biswadeb941/Infermal_v2/Modules/Domain_Generator/Jarowinkler/jarowinkler.go:34.2,34.28 1 0
github.com/official-biswadeb941/Infermal_v2/Modules/Domain_Generator/Jarowinkler/jarowinkler.go:34.28,36.3 1 0
github.com/official-biswadeb941/Infermal_v2/Modules/Domain_Generator/Jarowinkler/jarowinkler.go:37.2,37.14 1 0
github.com/official-biswadeb941/Infermal_v2/Modules/Domain_Generator/Jarowinkler/jarowinkler.go:37.14,39.3 1 0
github.com/official-biswadeb941/Infermal_v2/Modules/Domain_Generator/Jarowinkler/jarowinkler.go:41.2,42.20 2 0
github.com/official-biswadeb941/Infermal_v2/Modules/Domain_Generator/Jarowinkler/jarowinkler.go:42.20,44.3 1 0
github.com/official-biswadeb941/Infermal_v2/Modules/Domain_Generator/Jarowinkler/jarowinkler.go:46.2,53.28 5 0
github.com/official-biswadeb941/Infermal_v2/Modules/Domain_Generator/Jarowinkler/jarowinkler.go:53.28,57.33 3 0
github.com/official-biswadeb941/Infermal_v2/Modules/Domain_Generator/Jarowinkler/jarowinkler.go:57.33,58.32 1 0
github.com/official-biswadeb941/Infermal_v2/Modules/Domain_Generator/Jarowinkler/jarowinkler.go:58.32,63.10 5 0
github.com/official-biswadeb941/Infermal_v2/Modules/Domain_Generator/Jarowinkler/jarowinkler.go:68.2,68.21 1 0
github.com/official-biswadeb941/Infermal_v2/Modules/Domain_Generator/Jarowinkler/jarowinkler.go:68.21,70.3 1 0
github.com/official-biswadeb941/Infermal_v2/Modules/Domain_Generator/Jarowinkler/jarowinkler.go:73.2,74.28 2 0
github.com/official-biswadeb941/Infermal_v2/Modules/Domain_Generator/Jarowinkler/jarowinkler.go:74.28,75.12 1 0
github.com/official-biswadeb941/Infermal_v2/Modules/Domain_Generator/Jarowinkler/jarowinkler.go:75.12,77.4 1 0
github.com/official-biswadeb941/Infermal_v2/Modules/Domain_Generator/Jarowinkler/jarowinkler.go:80.2,81.36 2 0
github.com/official-biswadeb941/Infermal_v2/Modules/Domain_Generator/Jarowinkler/jarowinkler.go:81.36,82.32 1 0
github.com/official-biswadeb941/Infermal_v2/Modules/Domain_Generator/Jarowinkler/jarowinkler.go:82.32,84.4 1 0
github.com/official-biswadeb941/Infermal_v2/Modules/Domain_Generator/Jarowinkler/jarowinkler.go:86.2,92.10 3 0
github.com/official-biswadeb941/Infermal_v2/Modules/Domain_Generator/Jarowinkler/jarowinkler.go:99.49,102.13 2 0
github.com/official-biswadeb941/Infermal_v2/Modules/Domain_Generator/Jarowinkler/jarowinkler.go:102.13,104.3 1 0
github.com/official-biswadeb941/Infermal_v2/Modules/Domain_Generator/Jarowinkler/jarowinkler.go:106.2,112.35 5 0
github.com/official-biswadeb941/Infermal_v2/Modules/Domain_Generator/Jarowinkler/jarowinkler.go:112.35,113.21 1 0
github.com/official-biswadeb941/Infermal_v2/Modules/Domain_Generator/Jarowinkler/jarowinkler.go:113.21,115.4 1 0
github.com/official-biswadeb941/Infermal_v2/Modules/Domain_Generator/Jarowinkler/jarowinkler.go:115.9,116.9 1 0
github.com/official-biswadeb941/Infermal_v2/Modules/Domain_Generator/Jarowinkler/jarowinkler.go:120.2,123.26 3 0
github.com/official-biswadeb941/Infermal_v2/Modules/Domain_Generator/Soundsquat/sound_squat.go:11.41,13.2 1 0
github.com/official-biswadeb941/Infermal_v2/Modules/Domain_Generator/Soundsquat/sound_squat.go:18.39,20.13 2 0
github.com/official-biswadeb941/Infermal_v2/Modules/Domain_Generator/Soundsquat/sound_squat.go:20.13,22.3 1 0
github.com/official-biswadeb941/Infermal_v2/Modules/Domain_Generator/Soundsquat/sound_squat.go:24.2,40.34 6 0
github.com/official-biswadeb941/Infermal_v2/Modules/Domain_Generator/Soundsquat/sound_squat.go:40.34,43.28 2 0
github.com/official-biswadeb941/Infermal_v2/Modules/Domain_Generator/Soundsquat/sound_squat.go:43.28,45.12 2 0
github.com/official-biswadeb941/Infermal_v2/Modules/Domain_Generator/Soundsquat/sound_squat.go:48.3,49.10 2 0
github.com/official-biswadeb941/Infermal_v2/Modules/Domain_Generator/Soundsquat/sound_squat.go:49.10,51.12 2 0
github.com/official-biswadeb941/Infermal_v2/Modules/Domain_Generator/Soundsquat/sound_squat.go:54.3,54.23 1 0
github.com/official-biswadeb941/Infermal_v2/Modules/Domain_Generator/Soundsquat/sound_squat.go:54.23,55.23 1 0
github.com/official-biswadeb941/Infermal_v2/Modules/Domain_Generator/Soundsquat/sound_squat.go:55.23,57.5 1 0
github.com/official-biswadeb941/Infermal_v2/Modules/Domain_Generator/Soundsquat/sound_squat.go:58.4,58.19 1 0
github.com/official-biswadeb941/Infermal_v2/Modules/Domain_Generator/Soundsquat/sound_squat.go:62.2,62.22 1 0
github.com/official-biswadeb941/Infermal_v2/Modules/Domain_Generator/Soundsquat/sound_squat.go:62.22,64.3 1 0
github.com/official-biswadeb941/Infermal_v2/Modules/Domain_Generator/Soundsquat/sound_squat.go:66.2,66.27 1 0
github.com/official-biswadeb941/Infermal_v2/Modules/Domain_Generator/Soundsquat/sound_squat.go:73.36,77.2 3 0
github.com/official-biswadeb941/Infermal_v2/Modules/Domain_Generator/Subdomain_squat/subdomain_squat.go:10.35,12.2 1 0
github.com/official-biswadeb941/Infermal_v2/Modules/Domain_Generator/Subdomain_squat/subdomain_squat.go:17.61,21.32 3 0
github.com/official-biswadeb941/Infermal_v2/Modules/Domain_Generator/Subdomain_squat/subdomain_squat.go:21.32,27.3 4 0
github.com/official-biswadeb941/Infermal_v2/Modules/Domain_Generator/Subdomain_squat/subdomain_squat.go:29.2,29.12 1 0
github.com/official-biswadeb941/Infermal_v2/Modules/Domain_Generator/Subdomain_squat/subdomain_squat.go:35.57,39.32 3 0
github.com/official-biswadeb941/Infermal_v2/Modules/Domain_Generator/Subdomain_squat/subdomain_squat.go:39.32,51.3 8 0
github.com/official-biswadeb941/Infermal_v2/Modules/Domain_Generator/Subdomain_squat/subdomain_squat.go:53.2,53.12 1 0
github.com/official-biswadeb941/Infermal_v2/Modules/Domain_Generator/Subdomain_squat/subdomain_squat.go:60.45,72.2 5 0
github.com/official-biswadeb941/Infermal_v2/Modules/Domain_Generator/Typo_squat/typo_squat.go:20.48,24.34 3 0
github.com/official-biswadeb941/Infermal_v2/Modules/Domain_Generator/Typo_squat/typo_squat.go:24.34,26.3 1 0
github.com/official-biswadeb941/Infermal_v2/Modules/Domain_Generator/Typo_squat/typo_squat.go:27.2,27.12 1 0
github.com/official-biswadeb941/Infermal_v2/Modules/Domain_Generator/Typo_squat/typo_squat.go:30.53,34.36 3 0
github.com/official-biswadeb941/Infermal_v2/Modules/Domain_Generator/Typo_squat/typo_squat.go:34.36,39.3 4 0
github.com/official-biswadeb941/Infermal_v2/Modules/Domain_Generator/Typo_squat/typo_squat.go:40.2,40.12 1 0
github.com/official-biswadeb941/Infermal_v2/Modules/Domain_Generator/Typo_squat/typo_squat.go:43.52,47.26 3 0
github.com/official-biswadeb941/Infermal_v2/Modules/Domain_Generator/Typo_squat/typo_squat.go:47.26,48.40 1 0
github.com/official-biswadeb941/Infermal_v2/Modules/Domain_Generator/Typo_squat/typo_squat.go:48.40,49.32 1 0
github.com/official-biswadeb941/Infermal_v2/Modules/Domain_Generator/Typo_squat/typo_squat.go:49.32,54.5 4 0
github.com/official-biswadeb941/Infermal_v2/Modules/Domain_Generator/Typo_squat/typo_squat.go:57.2,57.12 1 0
github.com/official-biswadeb941/Infermal_v2/Modules/Domain_Generator/Typo_squat/typo_squat.go:60.45,65.43 3 0
github.com/official-biswadeb941/Infermal_v2/Modules/Domain_Generator/Typo_squat/typo_squat.go:65.43,67.3 1 0
github.com/official-biswadeb941/Infermal_v2/Modules/Domain_Generator/Typo_squat/typo_squat.go:70.2,70.48 1 0
github.com/official-biswadeb941/Infermal_v2/Modules/Domain_Generator/Typo_squat/typo_squat.go:70.48,72.3 1 0
github.com/official-biswadeb941/Infermal_v2/Modules/Domain_Generator/Typo_squat/typo_squat.go:75.2,75.47 1 0
github.com/official-biswadeb941/Infermal_v2/Modules/Domain_Generator/Typo_squat/typo_squat.go:75.47,77.3 1 0
github.com/official-biswadeb941/Infermal_v2/Modules/Domain_Generator/Typo_squat/typo_squat.go:80.2,81.28 2 0
github.com/official-biswadeb941/Infermal_v2/Modules/Domain_Generator/Typo_squat/typo_squat.go:81.28,82.22 1 0
github.com/official-biswadeb941/Infermal_v2/Modules/Domain_Generator/Typo_squat/typo_squat.go:82.22,84.4 1 0
github.com/official-biswadeb941/Infermal_v2/Modules/Domain_Generator/Typo_squat/typo_squat.go:87.2,87.12 1 0
github.com/official-biswadeb941/Infermal_v2/Modules/Domain_Generator/Typo_squat/typo_squat.go:93.38,95.2 1 0
github.com/official-biswadeb941/Infermal_v2/Modules/Filewriter/filewriter.go:38.71,47.2 2 0
github.com/official-biswadeb941/Infermal_v2/Modules/Filewriter/filewriter.go:49.66,58.2 2 0
github.com/official-biswadeb941/Infermal_v2/Modules/Filewriter/filewriter_utils.go:41.70,58.28 2 0
github.com/official-biswadeb941/Infermal_v2/Modules/Filewriter/filewriter_utils.go:58.28,60.5 1 0
github.com/official-biswadeb941/Infermal_v2/Modules/Filewriter/filewriter_utils.go:64.2,64.17 1 0
github.com/official-biswadeb941/Infermal_v2/Modules/Filewriter/filewriter_utils.go:64.17,66.41 2 0
github.com/official-biswadeb941/Infermal_v2/Modules/Filewriter/filewriter_utils.go:66.41,68.4 1 0
github.com/official-biswadeb941/Infermal_v2/Modules/Filewriter/filewriter_utils.go:69.8,70.41 1 0
github.com/official-biswadeb941/Infermal_v2/Modules/Filewriter/filewriter_utils.go:70.41,72.4 1 0
github.com/official-biswadeb941/Infermal_v2/Modules/Filewriter/filewriter_utils.go:75.2,76.16 2 0
github.com/official-biswadeb941/Infermal_v2/Modules/Filewriter/filewriter_utils.go:83.41,85.23 2 0
github.com/official-biswadeb941/Infermal_v2/Modules/Filewriter/filewriter_utils.go:85.23,87.3 1 0
github.com/official-biswadeb941/Infermal_v2/Modules/Filewriter/filewriter_utils.go:87.8,89.3 1 0
github.com/official-biswadeb941/Infermal_v2/Modules/Filewriter/filewriter_utils.go:91.2,92.16 2 0
github.com/official-biswadeb941/Infermal_v2/Modules/Filewriter/filewriter_utils.go:92.16,94.3 1 0
github.com/official-biswadeb941/Infermal_v2/Modules/Filewriter/filewriter_utils.go:96.2,98.12 3 0
github.com/official-biswadeb941/Infermal_v2/Modules/Filewriter/filewriter_utils.go:101.41,103.16 2 0
github.com/official-biswadeb941/Infermal_v2/Modules/Filewriter/filewriter_utils.go:103.16,105.3 1 0
github.com/official-biswadeb941/Infermal_v2/Modules/Filewriter/filewriter_utils.go:106.2,108.12 3 0
github.com/official-biswadeb941/Infermal_v2/Modules/Filewriter/filewriter_utils.go:115.42,118.12 2 0
github.com/official-biswadeb941/Infermal_v2/Modules/Filewriter/filewriter_utils.go:118.12,125.7 5 0
github.com/official-biswadeb941/Infermal_v2/Modules/Filewriter/filewriter_utils.go:125.7,126.11 1 0
github.com/official-biswadeb941/Infermal_v2/Modules/Filewriter/filewriter_utils.go:127.30,128.12 1 0
github.com/official-biswadeb941/Infermal_v2/Modules/Filewriter/filewriter_utils.go:128.12,131.6 2 0
github.com/official-biswadeb941/Infermal_v2/Modules/Filewriter/filewriter_utils.go:132.5,133.33 2 0
github.com/official-biswadeb941/Infermal_v2/Modules/Filewriter/filewriter_utils.go:133.33,136.6 2 0
github.com/official-biswadeb941/Infermal_v2/Modules/Filewriter/filewriter_utils.go:138.20,139.21 1 0
github.com/official-biswadeb941/Infermal_v2/Modules/Filewriter/filewriter_utils.go:139.21,142.6 2 0
github.com/official-biswadeb941/Infermal_v2/Modules/Filewriter/filewriter_utils.go:144.25,146.11 2 0
github.com/official-biswadeb941/Infermal_v2/Modules/Filewriter/filewriter_utils.go:152.51,153.21 1 0
github.com/official-biswadeb941/Infermal_v2/Modules/Filewriter/filewriter_utils.go:153.21,155.3 1 0
github.com/official-biswadeb941/Infermal_v2/Modules/Filewriter/filewriter_utils.go:157.2,162.28 4 0
github.com/official-biswadeb941/Infermal_v2/Modules/Filewriter/filewriter_utils.go:162.28,163.71 1 0
github.com/official-biswadeb941/Infermal_v2/Modules/Filewriter/filewriter_utils.go:163.71,165.4 1 0
github.com/official-biswadeb941/Infermal_v2/Modules/Filewriter/filewriter_utils.go:167.3,168.19 2 0
github.com/official-biswadeb941/Infermal_v2/Modules/Filewriter/filewriter_utils.go:171.2,173.32 2 0
github.com/official-biswadeb941/Infermal_v2/Modules/Filewriter/filewriter_utils.go:173.32,175.3 1 0
github.com/official-biswadeb941/Infermal_v2/Modules/Filewriter/filewriter_utils.go:182.45,186.2 3 0
github.com/official-biswadeb941/Infermal_v2/Modules/Filewriter/filewriter_utils.go:192.36,195.20 2 0
github.com/official-biswadeb941/Infermal_v2/Modules/Filewriter/filewriter_utils.go:195.20,198.3 2 0
github.com/official-biswadeb941/Infermal_v2/Modules/Filewriter/filewriter_utils.go:200.2,209.22 7 0
github.com/official-biswadeb941/Infermal_v2/Modules/Filewriter/filewriter_utils.go:209.22,211.3 1 0
github.com/official-biswadeb941/Infermal_v2/Modules/Filewriter/filewriter_utils.go:213.2,213.20 1 0
github.com/official-biswadeb941/Infermal_v2/Modules/Filewriter/filewriter_utils.go:213.20,216.3 2 0
github.com/official-biswadeb941/Infermal_v2/Modules/Filewriter/filewriter_utils.go:218.2,218.15 1 0
github.com/official-biswadeb941/Infermal_v2/Modules/Filewriter/filewriter_utils.go:218.15,219.26 1 0
github.com/official-biswadeb941/Infermal_v2/Modules/Filewriter/filewriter_utils.go:219.26,223.4 3 0
github.com/official-biswadeb941/Infermal_v2/Modules/Filewriter/filewriter_utils.go:226.2,226.12 1 0
github.com/official-biswadeb941/Infermal_v2/Modules/Progressbar/progressbar.go:45.79,47.15 2 0
github.com/official-biswadeb941/Infermal_v2/Modules/Progressbar/progressbar.go:48.13,49.23 1 0
github.com/official-biswadeb941/Infermal_v2/Modules/Progressbar/progressbar.go:50.16,51.26 1 0
github.com/official-biswadeb941/Infermal_v2/Modules/Progressbar/progressbar.go:52.14,53.24 1 0
github.com/official-biswadeb941/Infermal_v2/Modules/Progressbar/progressbar.go:54.15,55.25 1 0
github.com/official-biswadeb941/Infermal_v2/Modules/Progressbar/progressbar.go:58.2,74.41 2 0
github.com/official-biswadeb941/Infermal_v2/Modules/Progressbar/progressbar.go:74.41,76.4 1 0
github.com/official-biswadeb941/Infermal_v2/Modules/Progressbar/progressbar.go:79.2,84.3 1 0
github.com/official-biswadeb941/Infermal_v2/Modules/Progressbar/progressbar.go:91.92,97.18 5 0
github.com/official-biswadeb941/Infermal_v2/Modules/Progressbar/progressbar.go:97.18,99.3 1 0
github.com/official-biswadeb941/Infermal_v2/Modules/Progressbar/progressbar.go:101.2,105.32 4 0
github.com/official-biswadeb941/Infermal_v2/Modules/Progressbar/progressbar.go:105.32,109.3 3 0
github.com/official-biswadeb941/Infermal_v2/Modules/Progressbar/progressbar.go:112.2,120.14 2 0
github.com/official-biswadeb941/Infermal_v2/Modules/Progressbar/progressbar.go:120.14,129.3 1 0
github.com/official-biswadeb941/Infermal_v2/Modules/Progressbar/progressbar.go:131.2,136.18 4 0
github.com/official-biswadeb941/Infermal_v2/Modules/Progressbar/progressbar.go:139.62,140.14 1 0
github.com/official-biswadeb941/Infermal_v2/Modules/Progressbar/progressbar.go:140.14,142.3 1 0
github.com/official-biswadeb941/Infermal_v2/Modules/Progressbar/progressbar.go:143.2,143.20 1 0
github.com/official-biswadeb941/Infermal_v2/Modules/Progressbar/progressbar.go:152.3,156.12 2 0
github.com/official-biswadeb941/Infermal_v2/Modules/Progressbar/progressbar.go:156.12,157.7 1 0
github.com/official-biswadeb941/Infermal_v2/Modules/Progressbar/progressbar.go:157.7,158.11 1 0
github.com/official-biswadeb941/Infermal_v2/Modules/Progressbar/progressbar.go:159.24,161.11 2 0
github.com/official-biswadeb941/Infermal_v2/Modules/Progressbar/progressbar.go:163.20,165.34 2 0
github.com/official-biswadeb941/Infermal_v2/Modules/Progressbar/progressbar.go:171.40,173.2 1 0
github.com/official-biswadeb941/Infermal_v2/Modules/Progressbar/progressbar.go:179.34,183.2 3 0
github.com/official-biswadeb941/Infermal_v2/Modules/Progressbar/progressbar.go:185.38,189.2 3 0
github.com/official-biswadeb941/Infermal_v2/Modules/Progressbar/progressbar.go:191.32,196.2 4 0
github.com/official-biswadeb941/Infermal_v2/Modules/Ratelimiter/ratelimiter.go:28.105,34.2 1 0
github.com/official-biswadeb941/Infermal_v2/Modules/Ratelimiter/ratelimiter.go:52.64,53.25 1 0
github.com/official-biswadeb941/Infermal_v2/Modules/Ratelimiter/ratelimiter.go:53.25,55.3 1 0
github.com/official-biswadeb941/Infermal_v2/Modules/Ratelimiter/ratelimiter.go:67.63,68.21 1 0
github.com/official-biswadeb941/Infermal_v2/Modules/Ratelimiter/ratelimiter.go:68.21,70.3 1 0
github.com/official-biswadeb941/Infermal_v2/Modules/Ratelimiter/ratelimiter.go:71.2,71.33 1 0
github.com/official-biswadeb941/Infermal_v2/Modules/Ratelimiter/ratelimiter.go:102.85,114.16 3 0
github.com/official-biswadeb941/Infermal_v2/Modules/Ratelimiter/ratelimiter.go:114.16,116.3 1 0
github.com/official-biswadeb941/Infermal_v2/Modules/Ratelimiter/ratelimiter.go:118.2,119.9 2 0
github.com/official-biswadeb941/Infermal_v2/Modules/Ratelimiter/ratelimiter.go:119.9,120.33 1 0
github.com/official-biswadeb941/Infermal_v2/Modules/Ratelimiter/ratelimiter.go:120.33,122.4 1 0
github.com/official-biswadeb941/Infermal_v2/Modules/Ratelimiter/ratelimiter.go:123.3,123.20 1 0
github.com/official-biswadeb941/Infermal_v2/Modules/Ratelimiter/ratelimiter.go:126.2,126.26 1 0
github.com/official-biswadeb941/Infermal_v2/Modules/Redis/redis.go:22.52,27.45 4 0
github.com/official-biswadeb941/Infermal_v2/Modules/Redis/redis.go:27.45,29.3 1 0
github.com/official-biswadeb941/Infermal_v2/Modules/Redis/redis.go:31.2,32.46 2 0
github.com/official-biswadeb941/Infermal_v2/Modules/Redis/redis.go:32.46,34.3 1 0
github.com/official-biswadeb941/Infermal_v2/Modules/Redis/redis.go:36.2,36.26 1 0
github.com/official-biswadeb941/Infermal_v2/Modules/Redis/redis.go:36.26,38.3 1 0
github.com/official-biswadeb941/Infermal_v2/Modules/Redis/redis.go:39.2,39.26 1 0
github.com/official-biswadeb941/Infermal_v2/Modules/Redis/redis.go:39.26,41.3 1 0
github.com/official-biswadeb941/Infermal_v2/Modules/Redis/redis.go:42.2,42.27 1 0
github.com/official-biswadeb941/Infermal_v2/Modules/Redis/redis.go:42.27,44.3 1 0
github.com/official-biswadeb941/Infermal_v2/Modules/Redis/redis.go:45.2,45.25 1 0
github.com/official-biswadeb941/Infermal_v2/Modules/Redis/redis.go:45.25,47.3 1 0
github.com/official-biswadeb941/Infermal_v2/Modules/Redis/redis.go:48.2,48.25 1 0
github.com/official-biswadeb941/Infermal_v2/Modules/Redis/redis.go:48.25,50.3 1 0
github.com/official-biswadeb941/Infermal_v2/Modules/Redis/redis.go:52.2,52.62 1 0
github.com/official-biswadeb941/Infermal_v2/Modules/Redis/redis.go:52.62,54.3 1 0
github.com/official-biswadeb941/Infermal_v2/Modules/Redis/redis.go:56.2,56.36 1 0
github.com/official-biswadeb941/Infermal_v2/Modules/Redis/redis.go:56.36,58.3 1 0
github.com/official-biswadeb941/Infermal_v2/Modules/Redis/redis.go:60.2,60.18 1 0
github.com/official-biswadeb941/Infermal_v2/Modules/Redis/redis.go:69.105,71.2 1 0
github.com/official-biswadeb941/Infermal_v2/Modules/Redis/redis.go:73.81,75.2 1 0
github.com/official-biswadeb941/Infermal_v2/Modules/Redis/redis.go:77.69,79.2 1 0
github.com/official-biswadeb941/Infermal_v2/Modules/Redis/redis.go:81.76,83.2 1 0
github.com/official-biswadeb941/Infermal_v2/Modules/Redis/redis.go:85.98,87.2 1 0
github.com/official-biswadeb941/Infermal_v2/Modules/Redis/redis.go:89.84,91.2 1 0
github.com/official-biswadeb941/Infermal_v2/Modules/Redis/redis.go:93.94,96.33 2 0
github.com/official-biswadeb941/Infermal_v2/Modules/Redis/redis.go:96.33,99.3 2 0
github.com/official-biswadeb941/Infermal_v2/Modules/Redis/redis.go:101.2,102.12 2 0
github.com/official-biswadeb941/Infermal_v2/Modules/Redis/redis.go:105.121,107.25 2 0
github.com/official-biswadeb941/Infermal_v2/Modules/Redis/redis.go:107.25,109.3 1 0
github.com/official-biswadeb941/Infermal_v2/Modules/Redis/redis.go:110.2,110.63 1 0
github.com/official-biswadeb941/Infermal_v2/Modules/Redis/redis.go:121.19,123.16 2 0
github.com/official-biswadeb941/Infermal_v2/Modules/Redis/redis.go:123.16,125.3 1 0
github.com/official-biswadeb941/Infermal_v2/Modules/Redis/redis.go:127.2,128.16 2 0
github.com/official-biswadeb941/Infermal_v2/Modules/Redis/redis.go:128.16,130.3 1 0
github.com/official-biswadeb941/Infermal_v2/Modules/Redis/redis.go:132.2,133.12 2 0
github.com/official-biswadeb941/Infermal_v2/Modules/Redis/redis.go:136.28,138.2 1 0
github.com/official-biswadeb941/Infermal_v2/Modules/Redis/redis.go:146.43,148.2 1 0
github.com/official-biswadeb941/Infermal_v2/Modules/Redis/redis.go:150.65,152.2 1 0
github.com/official-biswadeb941/Infermal_v2/Modules/Redis/redis.go:154.38,156.2 1 0
github.com/official-biswadeb941/Infermal_v2/Modules/Redis/redis.go:158.28,160.2 1 0
github.com/official-biswadeb941/Infermal_v2/Modules/Redis/redis.go:162.38,164.2 1 0
github.com/official-biswadeb941/Infermal_v2/Modules/Redis/redis.go:166.60,168.2 1 0
github.com/official-biswadeb941/Infermal_v2/Modules/Redis/redis.go:170.46,172.2 1 0
github.com/official-biswadeb941/Infermal_v2/Modules/Redis/redis.go:174.56,176.2 1 0
github.com/official-biswadeb941/Infermal_v2/Modules/Redis/redis.go:178.20,179.19 1 0
github.com/official-biswadeb941/Infermal_v2/Modules/Redis/redis.go:179.19,181.3 1 0
github.com/official-biswadeb941/Infermal_v2/Modules/Redis/redis.go:182.2,182.23 1 0
github.com/official-biswadeb941/Infermal_v2/Modules/Redis/redis_utils.go:55.53,55.54 0 0
github.com/official-biswadeb941/Infermal_v2/Modules/Redis/redis_utils.go:56.53,56.54 0 0
github.com/official-biswadeb941/Infermal_v2/Modules/Redis/redis_utils.go:80.71,81.19 1 0
github.com/official-biswadeb941/Infermal_v2/Modules/Redis/redis_utils.go:81.19,83.3 1 0
github.com/official-biswadeb941/Infermal_v2/Modules/Redis/redis_utils.go:85.2,94.17 3 0
github.com/official-biswadeb941/Infermal_v2/Modules/Redis/redis_utils.go:94.17,106.3 1 0
github.com/official-biswadeb941/Infermal_v2/Modules/Redis/redis_utils.go:106.8,119.3 1 0
github.com/official-biswadeb941/Infermal_v2/Modules/Redis/redis_utils.go:121.2,123.61 2 0
github.com/official-biswadeb941/Infermal_v2/Modules/Redis/redis_utils.go:123.61,125.3 1 0
github.com/official-biswadeb941/Infermal_v2/Modules/Redis/redis_utils.go:127.2,130.15 3 0
github.com/official-biswadeb941/Infermal_v2/Modules/Redis/redis_utils.go:139.63,143.6 3 0
github.com/official-biswadeb941/Infermal_v2/Modules/Redis/redis_utils.go:143.6,144.10 1 0
github.com/official-biswadeb941/Infermal_v2/Modules/Redis/redis_utils.go:145.21,146.20 1 0
github.com/official-biswadeb941/Infermal_v2/Modules/Redis/redis_utils.go:147.11,147.11 0 0
github.com/official-biswadeb941/Infermal_v2/Modules/Redis/redis_utils.go:150.3,151.17 2 0
github.com/official-biswadeb941/Infermal_v2/Modules/Redis/redis_utils.go:151.17,153.4 1 0
github.com/official-biswadeb941/Infermal_v2/Modules/Redis/redis_utils.go:155.3,158.27 3 0
github.com/official-biswadeb941/Infermal_v2/Modules/Redis/redis_utils.go:158.27,160.28 2 0
github.com/official-biswadeb941/Infermal_v2/Modules/Redis/redis_utils.go:160.28,162.5 1 0
github.com/official-biswadeb941/Infermal_v2/Modules/Redis/redis_utils.go:167.44,170.12 2 0
github.com/official-biswadeb941/Infermal_v2/Modules/Redis/redis_utils.go:170.12,176.7 4 0
github.com/official-biswadeb941/Infermal_v2/Modules/Redis/redis_utils.go:176.7,177.11 1 0
github.com/official-biswadeb941/Infermal_v2/Modules/Redis/redis_utils.go:178.22,179.11 1 0
github.com/official-biswadeb941/Infermal_v2/Modules/Redis/redis_utils.go:181.20,186.19 4 0
github.com/official-biswadeb941/Infermal_v2/Modules/Redis/redis_utils.go:186.19,189.6 2 0
github.com/official-biswadeb941/Infermal_v2/Modules/Redis/redis_utils.go:201.44,202.20 1 0
github.com/official-biswadeb941/Infermal_v2/Modules/Redis/redis_utils.go:202.20,204.3 1 0
github.com/official-biswadeb941/Infermal_v2/Modules/Redis/redis_utils.go:205.2,205.21 1 0
github.com/official-biswadeb941/Infermal_v2/Modules/Redis/redis_utils.go:214.37,216.23 2 0
github.com/official-biswadeb941/Infermal_v2/Modules/Redis/redis_utils.go:216.23,219.3 2 0
github.com/official-biswadeb941/Infermal_v2/Modules/Redis/redis_utils.go:220.2,225.25 5 0
github.com/official-biswadeb941/Infermal_v2/Modules/Resource/resource.go:38.35,43.16 3 0
github.com/official-biswadeb941/Infermal_v2/Modules/Resource/resource.go:43.16,45.3 1 0
github.com/official-biswadeb941/Infermal_v2/Modules/Resource/resource.go:45.8,54.3 2 0
github.com/official-biswadeb941/Infermal_v2/Modules/Resource/resource.go:57.2,57.33 1 0
github.com/official-biswadeb941/Infermal_v2/Modules/Resource/resource.go:57.33,65.3 2 0
github.com/official-biswadeb941/Infermal_v2/Modules/Resource/resource.go:65.8,67.3 1 0
github.com/official-biswadeb941/Infermal_v2/Modules/Resource/resource.go:70.2,70.33 1 0
github.com/official-biswadeb941/Infermal_v2/Modules/Resource/resource.go:70.33,78.3 2 0
github.com/official-biswadeb941/Infermal_v2/Modules/Resource/resource.go:78.8,80.3 1 0
github.com/official-biswadeb941/Infermal_v2/Modules/Resource/resource.go:83.2,83.28 1 0
github.com/official-biswadeb941/Infermal_v2/Modules/Resource/resource.go:83.28,85.3 1 0
github.com/official-biswadeb941/Infermal_v2/Modules/Resource/resource.go:87.2,87.13 1 0
github.com/official-biswadeb941/Infermal_v2/Modules/Resource/resource.go:91.60,94.28 2 0
github.com/official-biswadeb941/Infermal_v2/Modules/Resource/resource.go:94.28,96.3 1 0
github.com/official-biswadeb941/Infermal_v2/Modules/Resource/resource.go:98.2,99.33 2 0
github.com/official-biswadeb941/Infermal_v2/Modules/Resource/resource.go:99.33,100.27 1 0
github.com/official-biswadeb941/Infermal_v2/Modules/Resource/resource.go:100.27,102.4 1 0
github.com/official-biswadeb941/Infermal_v2/Modules/Resource/resource.go:105.2,105.52 1 0
github.com/official-biswadeb941/Infermal_v2/Modules/Resource/resource.go:108.33,109.34 1 0
github.com/official-biswadeb941/Infermal_v2/Modules/Resource/resource.go:109.34,111.3 1 0
github.com/official-biswadeb941/Infermal_v2/Modules/Resource/resource.go:112.2,112.75 1 0
github.com/official-biswadeb941/Infermal_v2/Modules/UI/ui.go:10.48,14.6 3 0
github.com/official-biswadeb941/Infermal_v2/Modules/UI/ui.go:14.6,15.10 1 0
github.com/official-biswadeb941/Infermal_v2/Modules/UI/ui.go:16.15,18.10 2 0
github.com/official-biswadeb941/Infermal_v2/Modules/UI/ui.go:19.11,22.38 3 0
github.com/official-biswadeb941/Infermal_v2/Modules/UI/ui.go:27.30,31.2 3 0
github.com/official-biswadeb941/Infermal_v2/Modules/UI/ui.go:34.62,41.2 5 0
github.com/official-biswadeb941/Infermal_v2/Modules/Worker/worker.go:20.76,21.17 1 0
github.com/official-biswadeb941/Infermal_v2/Modules/Worker/worker.go:21.17,23.3 1 0
github.com/official-biswadeb941/Infermal_v2/Modules/Worker/worker.go:24.2,24.23 1 0
github.com/official-biswadeb941/Infermal_v2/Modules/Worker/worker.go:24.23,26.3 1 0
github.com/official-biswadeb941/Infermal_v2/Modules/Worker/worker.go:27.2,27.28 1 0
github.com/official-biswadeb941/Infermal_v2/Modules/Worker/worker.go:27.28,29.3 1 0
github.com/official-biswadeb941/Infermal_v2/Modules/Worker/worker.go:30.2,30.32 1 0
github.com/official-biswadeb941/Infermal_v2/Modules/Worker/worker.go:30.32,32.3 1 0
github.com/official-biswadeb941/Infermal_v2/Modules/Worker/worker.go:33.2,33.34 1 0
github.com/official-biswadeb941/Infermal_v2/Modules/Worker/worker.go:33.34,35.3 1 0
github.com/official-biswadeb941/Infermal_v2/Modules/Worker/worker.go:36.2,36.31 1 0
github.com/official-biswadeb941/Infermal_v2/Modules/Worker/worker.go:36.31,38.3 1 0
github.com/official-biswadeb941/Infermal_v2/Modules/Worker/worker.go:39.2,39.25 1 0
github.com/official-biswadeb941/Infermal_v2/Modules/Worker/worker.go:39.25,41.3 1 0
github.com/official-biswadeb941/Infermal_v2/Modules/Worker/worker.go:44.2,44.25 1 0
github.com/official-biswadeb941/Infermal_v2/Modules/Worker/worker.go:44.25,46.3 1 0
github.com/official-biswadeb941/Infermal_v2/Modules/Worker/worker.go:48.2,48.15 1 0
github.com/official-biswadeb941/Infermal_v2/Modules/Worker/worker.go:48.15,50.3 1 0
github.com/official-biswadeb941/Infermal_v2/Modules/Worker/worker.go:52.2,52.26 1 0
github.com/official-biswadeb941/Infermal_v2/Modules/Worker/worker.go:52.26,54.3 1 0
github.com/official-biswadeb941/Infermal_v2/Modules/Worker/worker.go:55.2,55.28 1 0
github.com/official-biswadeb941/Infermal_v2/Modules/Worker/worker.go:55.28,57.3 1 0
github.com/official-biswadeb941/Infermal_v2/Modules/Worker/worker.go:58.2,58.28 1 0
github.com/official-biswadeb941/Infermal_v2/Modules/Worker/worker.go:58.28,60.3 1 0
github.com/official-biswadeb941/Infermal_v2/Modules/Worker/worker.go:62.2,73.28 3 0
github.com/official-biswadeb941/Infermal_v2/Modules/Worker/worker.go:73.28,75.3 1 0
github.com/official-biswadeb941/Infermal_v2/Modules/Worker/worker.go:77.2,77.20 1 0
github.com/official-biswadeb941/Infermal_v2/Modules/Worker/worker.go:77.20,80.3 2 0
github.com/official-biswadeb941/Infermal_v2/Modules/Worker/worker.go:82.2,82.11 1 0
github.com/official-biswadeb941/Infermal_v2/Modules/Worker/worker.go:85.110,86.14 1 0
github.com/official-biswadeb941/Infermal_v2/Modules/Worker/worker.go:86.14,88.3 1 0
github.com/official-biswadeb941/Infermal_v2/Modules/Worker/worker.go:91.2,96.15 4 0
github.com/official-biswadeb941/Infermal_v2/Modules/Worker/worker.go:96.15,97.37 1 0
github.com/official-biswadeb941/Infermal_v2/Modules/Worker/worker.go:97.37,98.53 1 0
github.com/official-biswadeb941/Infermal_v2/Modules/Worker/worker.go:98.53,100.5 1 0
github.com/official-biswadeb941/Infermal_v2/Modules/Worker/worker.go:102.3,102.36 1 0
github.com/official-biswadeb941/Infermal_v2/Modules/Worker/worker.go:102.36,108.4 4 0
github.com/official-biswadeb941/Infermal_v2/Modules/Worker/worker.go:112.2,112.26 1 0
github.com/official-biswadeb941/Infermal_v2/Modules/Worker/worker.go:112.26,115.3 2 0
github.com/official-biswadeb941/Infermal_v2/Modules/Worker/worker.go:118.2,131.15 4 0
github.com/official-biswadeb941/Infermal_v2/Modules/Worker/worker.go:131.15,140.22 2 0
github.com/official-biswadeb941/Infermal_v2/Modules/Worker/worker.go:140.22,142.34 2 0
github.com/official-biswadeb941/Infermal_v2/Modules/Worker/worker.go:142.34,147.5 3 0
github.com/official-biswadeb941/Infermal_v2/Modules/Worker/worker.go:152.2,152.26 1 0
github.com/official-biswadeb941/Infermal_v2/Modules/Worker/worker.go:152.26,156.3 2 0
github.com/official-biswadeb941/Infermal_v2/Modules/Worker/worker.go:157.2,166.20 8 0
github.com/official-biswadeb941/Infermal_v2/Modules/Worker/worker.go:170.30,173.2 1 0
github.com/official-biswadeb941/Infermal_v2/Modules/Worker/worker.go:175.35,190.2 8 0
github.com/official-biswadeb941/Infermal_v2/Modules/Worker/worker.go:192.42,194.6 2 0
github.com/official-biswadeb941/Infermal_v2/Modules/Worker/worker.go:194.6,196.44 2 0
github.com/official-biswadeb941/Infermal_v2/Modules/Worker/worker.go:196.44,197.11 1 0
github.com/official-biswadeb941/Infermal_v2/Modules/Worker/worker.go:198.25,200.11 2 0
github.com/official-biswadeb941/Infermal_v2/Modules/Worker/worker.go:201.18,203.11 2 0
github.com/official-biswadeb941/Infermal_v2/Modules/Worker/worker.go:204.12,204.12 0 0
github.com/official-biswadeb941/Infermal_v2/Modules/Worker/worker.go:206.4,206.17 1 0
github.com/official-biswadeb941/Infermal_v2/Modules/Worker/worker.go:208.3,208.16 1 0
github.com/official-biswadeb941/Infermal_v2/Modules/Worker/worker.go:208.16,211.4 2 0
github.com/official-biswadeb941/Infermal_v2/Modules/Worker/worker.go:212.3,215.18 3 0
github.com/official-biswadeb941/Infermal_v2/Modules/Worker/worker.go:215.18,216.12 1 0
github.com/official-biswadeb941/Infermal_v2/Modules/Worker/worker.go:218.3,218.32 1 0
github.com/official-biswadeb941/Infermal_v2/Modules/Worker/worker.go:218.32,221.4 1 0
github.com/official-biswadeb941/Infermal_v2/Modules/Worker/worker.go:225.39,226.55 1 0
github.com/official-biswadeb941/Infermal_v2/Modules/Worker/worker.go:226.55,228.3 1 0
github.com/official-biswadeb941/Infermal_v2/Modules/Worker/worker.go:229.2,229.68 1 0
github.com/official-biswadeb941/Infermal_v2/Modules/Worker/worker.go:235.109,238.37 2 0
github.com/official-biswadeb941/Infermal_v2/Modules/Worker/worker.go:238.37,240.3 1 0
github.com/official-biswadeb941/Infermal_v2/Modules/Worker/worker.go:242.2,242.11 1 0
github.com/official-biswadeb941/Infermal_v2/Modules/Worker/worker_internal.go:9.52,15.15 4 0
github.com/official-biswadeb941/Infermal_v2/Modules/Worker/worker_internal.go:15.15,18.17 3 0
github.com/official-biswadeb941/Infermal_v2/Modules/Worker/worker_internal.go:18.17,20.4 1 0
github.com/official-biswadeb941/Infermal_v2/Modules/Worker/worker_internal.go:21.3,24.21 2 0
github.com/official-biswadeb941/Infermal_v2/Modules/Worker/worker_internal.go:24.21,27.58 2 0
github.com/official-biswadeb941/Infermal_v2/Modules/Worker/worker_internal.go:27.58,29.5 1 0
github.com/official-biswadeb941/Infermal_v2/Modules/Worker/worker_internal.go:30.4,33.23 2 0
github.com/official-biswadeb941/Infermal_v2/Modules/Worker/worker_internal.go:33.23,35.24 2 0
github.com/official-biswadeb941/Infermal_v2/Modules/Worker/worker_internal.go:35.24,40.6 3 0
github.com/official-biswadeb941/Infermal_v2/Modules/Worker/worker_internal.go:46.2,46.35 1 0
github.com/official-biswadeb941/Infermal_v2/Modules/Worker/worker_internal.go:46.35,48.3 1 0
github.com/official-biswadeb941/Infermal_v2/Modules/Worker/worker_internal.go:51.2,57.29 2 0
github.com/official-biswadeb941/Infermal_v2/Modules/Worker/worker_internal.go:57.29,59.3 1 0
github.com/official-biswadeb941/Infermal_v2/Modules/Worker/worker_internal.go:60.2,60.33 1 0
github.com/official-biswadeb941/Infermal_v2/Modules/Worker/worker_internal.go:60.33,62.3 1 0
github.com/official-biswadeb941/Infermal_v2/Modules/Worker/worker_internal.go:63.2,63.31 1 0
github.com/official-biswadeb941/Infermal_v2/Modules/Worker/worker_internal.go:63.31,64.15 1 0
github.com/official-biswadeb941/Infermal_v2/Modules/Worker/worker_internal.go:64.15,66.4 1 0
github.com/official-biswadeb941/Infermal_v2/Modules/Worker/worker_internal.go:70.2,73.36 2 0
github.com/official-biswadeb941/Infermal_v2/Modules/Worker/worker_internal.go:73.36,75.3 1 0
github.com/official-biswadeb941/Infermal_v2/Modules/Worker/worker_internal.go:78.56,79.6 1 0
github.com/official-biswadeb941/Infermal_v2/Modules/Worker/worker_internal.go:79.6,80.10 1 0
github.com/official-biswadeb941/Infermal_v2/Modules/Worker/worker_internal.go:81.17,82.18 1 0
github.com/official-biswadeb941/Infermal_v2/Modules/Worker/worker_internal.go:83.25,84.10 1 0
github.com/official-biswadeb941/Infermal_v2/Modules/Worker/worker_internal.go:85.24,86.10 1 0
github.com/official-biswadeb941/Infermal_v2/Modules/Worker/worker_internal.go:91.35,96.18 4 0
github.com/official-biswadeb941/Infermal_v2/Modules/Worker/worker_internal.go:96.18,98.3 1 0
github.com/official-biswadeb941/Infermal_v2/Modules/Worker/worker_internal.go:100.2,103.23 3 0
github.com/official-biswadeb941/Infermal_v2/Modules/Worker/worker_internal.go:103.23,108.3 4 0
github.com/official-biswadeb941/Infermal_v2/Modules/Worker/worker_internal.go:110.2,115.40 4 0
github.com/official-biswadeb941/Infermal_v2/Modules/Worker/worker_internal.go:115.40,117.46 2 0
github.com/official-biswadeb941/Infermal_v2/Modules/Worker/worker_internal.go:117.46,120.4 2 0
github.com/official-biswadeb941/Infermal_v2/Modules/Worker/worker_internal.go:121.3,123.9 3 0
github.com/official-biswadeb941/Infermal_v2/Modules/Worker/worker_internal.go:127.2,127.81 1 0
github.com/official-biswadeb941/Infermal_v2/Modules/Worker/worker_internal.go:127.81,128.32 1 0
github.com/official-biswadeb941/Infermal_v2/Modules/Worker/worker_internal.go:128.32,131.4 2 0
github.com/official-biswadeb941/Infermal_v2/Modules/Worker/worker_internal.go:132.3,132.65 1 0
github.com/official-biswadeb941/Infermal_v2/Modules/Worker/worker_internal.go:132.65,134.4 1 0
github.com/official-biswadeb941/Infermal_v2/Modules/Worker/worker_internal.go:135.8,137.3 1 0
github.com/official-biswadeb941/Infermal_v2/Modules/Worker/worker_internal.go:140.36,144.46 3 0
github.com/official-biswadeb941/Infermal_v2/Modules/Worker/worker_internal.go:144.46,146.3 1 0
github.com/official-biswadeb941/Infermal_v2/Modules/Worker/worker_internal.go:148.2,148.44 1 0
github.com/official-biswadeb941/Infermal_v2/Modules/Worker/worker_internal.go:148.44,152.11 4 0
github.com/official-biswadeb941/Infermal_v2/Modules/Worker/worker_internal.go:152.11,161.4 7 0
github.com/official-biswadeb941/Infermal_v2/Modules/Worker/worker_internal.go:162.3,162.16 1 0
github.com/official-biswadeb941/Infermal_v2/Modules/Worker/worker_internal.go:166.45,168.9 1 0
github.com/official-biswadeb941/Infermal_v2/Modules/Worker/worker_internal.go:169.24,169.24 0 0
github.com/official-biswadeb941/Infermal_v2/Modules/Worker/worker_internal.go:171.10,172.24 1 0
github.com/official-biswadeb941/Infermal_v2/Modules/Worker/worker_internal.go:175.2,178.31 3 0
github.com/official-biswadeb941/Infermal_v2/Modules/Worker/worker_internal.go:178.31,180.17 2 0
github.com/official-biswadeb941/Infermal_v2/Modules/Worker/worker_internal.go:180.17,184.4 3 0
github.com/official-biswadeb941/Infermal_v2/Modules/Worker/worker_internal.go:185.3,185.16 1 0
github.com/official-biswadeb941/Infermal_v2/Modules/Worker/worker_internal.go:189.2,194.14 3 0
github.com/official-biswadeb941/Infermal_v2/Modules/Worker/worker_types.go:90.35,90.53 1 0
github.com/official-biswadeb941/Infermal_v2/Modules/Worker/worker_types.go:92.45,93.38 1 0
github.com/official-biswadeb941/Infermal_v2/Modules/Worker/worker_types.go:93.38,95.3 1 0
github.com/official-biswadeb941/Infermal_v2/Modules/Worker/worker_types.go:96.2,96.40 1 0
github.com/official-biswadeb941/Infermal_v2/Modules/Worker/worker_types.go:99.40,102.2 2 0
github.com/official-biswadeb941/Infermal_v2/Modules/Worker/worker_types.go:104.46,108.2 3 0
github.com/official-biswadeb941/Infermal_v2/Modules/Worker/worker_types.go:110.44,113.12 3 0
github.com/official-biswadeb941/Infermal_v2/Modules/Worker/worker_types.go:113.12,115.3 1 0
github.com/official-biswadeb941/Infermal_v2/Modules/Worker/worker_types.go:116.2,119.10 4 0
github.com/official-biswadeb941/Infermal_v2/Modules/Worker/worker_utils.go:12.31,14.2 1 0
github.com/official-biswadeb941/Infermal_v2/Modules/Worker/worker_utils.go:16.37,18.2 1 0
github.com/official-biswadeb941/Infermal_v2/Modules/Worker/worker_utils.go:20.37,22.2 1 0
github.com/official-biswadeb941/Infermal_v2/Modules/Worker/worker_utils.go:24.39,26.2 1 0
github.com/official-biswadeb941/Infermal_v2/Modules/Worker/worker_utils.go:28.36,30.2 1 0
github.com/official-biswadeb941/Infermal_v2/Modules/Worker/worker_utils.go:33.29,35.2 1 0
github.com/official-biswadeb941/Infermal_v2/Modules/Worker/worker_utils.go:37.60,38.15 1 0
github.com/official-biswadeb941/Infermal_v2/Modules/Worker/worker_utils.go:38.15,40.3 1 0
github.com/official-biswadeb941/Infermal_v2/Modules/Worker/worker_utils.go:41.2,41.14 1 0
github.com/official-biswadeb941/Infermal_v2/Modules/Worker/worker_utils.go:41.14,42.10 1 0
github.com/official-biswadeb941/Infermal_v2/Modules/Worker/worker_utils.go:43.18,43.18 0 0
github.com/official-biswadeb941/Infermal_v2/Modules/Worker/worker_utils.go:44.11,44.11 0 0
github.com/official-biswadeb941/Infermal_v2/Modules/Worker/worker_utils.go:46.3,46.9 1 0
github.com/official-biswadeb941/Infermal_v2/Modules/Worker/worker_utils.go:48.2,48.11 1 0
github.com/official-biswadeb941/Infermal_v2/Modules/Worker/worker_utils.go:55.64,58.2 2 0
github.com/official-biswadeb941/Infermal_v2/Modules/Worker/worker_utils.go:60.53,62.16 2 0
github.com/official-biswadeb941/Infermal_v2/Modules/Worker/worker_utils.go:62.16,64.3 1 0
github.com/official-biswadeb941/Infermal_v2/Modules/Worker/worker_utils.go:65.2,65.23 1 0
github.com/official-biswadeb941/Infermal_v2/Modules/Worker/worker_utils.go:68.51,72.2 3 0
github.com/official-biswadeb941/Infermal_v2/Modules/Worker/worker_utils.go:79.85,87.47 6 0
github.com/official-biswadeb941/Infermal_v2/Modules/Worker/worker_utils.go:87.47,92.21 4 0
github.com/official-biswadeb941/Infermal_v2/Modules/Worker/worker_utils.go:92.21,93.9 1 0
github.com/official-biswadeb941/Infermal_v2/Modules/Worker/worker_utils.go:97.2,102.3 1 0
github.com/official-biswadeb941/Infermal_v2/Modules/Worker/worker_utils.go:105.60,106.40 1 0
github.com/official-biswadeb941/Infermal_v2/Modules/Worker/worker_utils.go:106.40,108.3 1 0
github.com/official-biswadeb941/Infermal_v2/Modules/Worker/worker_utils.go:109.2,109.24 1 0
github.com/official-biswadeb941/Infermal_v2/Modules/Worker/worker_utils.go:112.55,113.9 1 0
github.com/official-biswadeb941/Infermal_v2/Modules/Worker/worker_utils.go:114.15,114.15 0 0
github.com/official-biswadeb941/Infermal_v2/Modules/Worker/worker_utils.go:115.10,115.10 0 0
github.com/official-biswadeb941/Infermal_v2/Modules/Worker/worker_utils.go:119.27,120.11 1 0
github.com/official-biswadeb941/Infermal_v2/Modules/Worker/worker_utils.go:120.11,122.3 1 0
github.com/official-biswadeb941/Infermal_v2/Modules/Worker/worker_utils.go:123.2,123.10 1 0
github.com/official-biswadeb941/Infermal_v2/Modules/Worker/worker_utils.go:127.50,129.2 1 0
github.com/official-biswadeb941/Infermal_v2/Modules/Worker/worker_utils.go:131.101,138.12 3 0
github.com/official-biswadeb941/Infermal_v2/Modules/Worker/worker_utils.go:138.12,141.3 2 0
github.com/official-biswadeb941/Infermal_v2/Modules/Worker/worker_utils.go:143.2,143.9 1 0
github.com/official-biswadeb941/Infermal_v2/Modules/Worker/worker_utils.go:144.20,145.23 1 0
github.com/official-biswadeb941/Infermal_v2/Modules/Worker/worker_utils.go:146.17,147.22 1 0
github.com/official-biswadeb941/Infermal_v2/Modules/Domain_Generator/Bitsquatting/bitsquatting.go:6.36,7.26 1 0
github.com/official-biswadeb941/Infermal_v2/Modules/Domain_Generator/Bitsquatting/bitsquatting.go:7.26,9.3 1 0
github.com/official-biswadeb941/Infermal_v2/Modules/Domain_Generator/Bitsquatting/bitsquatting.go:10.2,10.26 1 0
github.com/official-biswadeb941/Infermal_v2/Modules/Domain_Generator/Bitsquatting/bitsquatting.go:10.26,12.3 1 0
github.com/official-biswadeb941/Infermal_v2/Modules/Domain_Generator/Bitsquatting/bitsquatting.go:13.2,13.26 1 0
github.com/official-biswadeb941/Infermal_v2/Modules/Domain_Generator/Bitsquatting/bitsquatting.go:13.26,15.3 1 0
github.com/official-biswadeb941/Infermal_v2/Modules/Domain_Generator/Bitsquatting/bitsquatting.go:16.2,16.14 1 0
github.com/official-biswadeb941/Infermal_v2/Modules/Domain_Generator/Bitsquatting/bitsquatting.go:16.14,18.3 1 0
github.com/official-biswadeb941/Infermal_v2/Modules/Domain_Generator/Bitsquatting/bitsquatting.go:19.2,19.14 1 0
github.com/official-biswadeb941/Infermal_v2/Modules/Domain_Generator/Bitsquatting/bitsquatting.go:23.45,27.33 3 0
github.com/official-biswadeb941/Infermal_v2/Modules/Domain_Generator/Bitsquatting/bitsquatting.go:27.33,30.32 2 0
github.com/official-biswadeb941/Infermal_v2/Modules/Domain_Generator/Bitsquatting/bitsquatting.go:30.32,34.34 3 0
github.com/official-biswadeb941/Infermal_v2/Modules/Domain_Generator/Bitsquatting/bitsquatting.go:34.34,35.13 1 0
github.com/official-biswadeb941/Infermal_v2/Modules/Domain_Generator/Bitsquatting/bitsquatting.go:38.4,43.19 5 0
github.com/official-biswadeb941/Infermal_v2/Modules/Domain_Generator/Bitsquatting/bitsquatting.go:43.19,45.5 1 0
github.com/official-biswadeb941/Infermal_v2/Modules/Domain_Generator/Bitsquatting/bitsquatting.go:49.2,50.28 2 0
github.com/official-biswadeb941/Infermal_v2/Modules/Domain_Generator/Bitsquatting/bitsquatting.go:50.28,52.3 1 0
github.com/official-biswadeb941/Infermal_v2/Modules/Domain_Generator/Bitsquatting/bitsquatting.go:54.2,55.16 2 0
github.com/official-biswadeb941/Infermal_v2/Modules/Domain_Generator/Bitsquatting/bitsquatting.go:62.41,64.2 1 0
github.com/official-biswadeb941/Infermal_v2/Modules/Domain_Generator/Combosquat/combo_squat.go:10.31,12.2 1 0
github.com/official-biswadeb941/Infermal_v2/Modules/Domain_Generator/Combosquat/combo_squat.go:17.45,24.15 5 0
github.com/official-biswadeb941/Infermal_v2/Modules/Domain_Generator/Combosquat/combo_squat.go:24.15,26.3 1 0
github.com/official-biswadeb941/Infermal_v2/Modules/Domain_Generator/Combosquat/combo_squat.go:27.2,27.15 1 0
github.com/official-biswadeb941/Infermal_v2/Modules/Domain_Generator/Combosquat/combo_squat.go:27.15,29.3 1 0
github.com/official-biswadeb941/Infermal_v2/Modules/Domain_Generator/Combosquat/combo_squat.go:31.2,34.29 3 0
github.com/official-biswadeb941/Infermal_v2/Modules/Domain_Generator/Combosquat/combo_squat.go:34.29,36.3 1 0
github.com/official-biswadeb941/Infermal_v2/Modules/Domain_Generator/Combosquat/combo_squat.go:38.2,38.29 1 0
github.com/official-biswadeb941/Infermal_v2/Modules/Domain_Generator/Combosquat/combo_squat.go:38.29,41.30 2 0
github.com/official-biswadeb941/Infermal_v2/Modules/Domain_Generator/Combosquat/combo_squat.go:41.30,43.26 2 0
github.com/official-biswadeb941/Infermal_v2/Modules/Domain_Generator/Combosquat/combo_squat.go:43.26,45.5 1 0
github.com/official-biswadeb941/Infermal_v2/Modules/Domain_Generator/Combosquat/combo_squat.go:47.4,51.17 4 0
github.com/official-biswadeb941/Infermal_v2/Modules/Domain_Generator/Combosquat/combo_squat.go:51.17,52.18 1 0
github.com/official-biswadeb941/Infermal_v2/Modules/Domain_Generator/Combosquat/combo_squat.go:52.18,54.6 1 0
github.com/official-biswadeb941/Infermal_v2/Modules/Domain_Generator/Combosquat/combo_squat.go:54.11,56.6 1 0
github.com/official-biswadeb941/Infermal_v2/Modules/Domain_Generator/Combosquat/combo_squat.go:57.10,58.18 1 0
github.com/official-biswadeb941/Infermal_v2/Modules/Domain_Generator/Combosquat/combo_squat.go:58.18,60.6 1 0
github.com/official-biswadeb941/Infermal_v2/Modules/Domain_Generator/Combosquat/combo_squat.go:60.11,62.6 1 0
github.com/official-biswadeb941/Infermal_v2/Modules/Domain_Generator/Combosquat/combo_squat.go:66.3,66.26 1 0
github.com/official-biswadeb941/Infermal_v2/Modules/Domain_Generator/Combosquat/combo_squat.go:69.2,69.19 1 0
github.com/official-biswadeb941/Infermal_v2/Modules/Domain_Generator/Combosquat/combo_squat.go:77.39,82.19 3 0
github.com/official-biswadeb941/Infermal_v2/Modules/Domain_Generator/Combosquat/combo_squat.go:82.19,84.3 1 0
github.com/official-biswadeb941/Infermal_v2/Modules/Domain_Generator/Combosquat/combo_squat.go:87.2,87.19 1 0
github.com/official-biswadeb941/Infermal_v2/Modules/Domain_Generator/Combosquat/combo_squat.go:87.19,88.34 1 0
github.com/official-biswadeb941/Infermal_v2/Modules/Domain_Generator/Combosquat/combo_squat.go:88.34,94.4 2 0
github.com/official-biswadeb941/Infermal_v2/Modules/Domain_Generator/Combosquat/combo_squat.go:98.2,98.19 1 0
github.com/official-biswadeb941/Infermal_v2/Modules/Domain_Generator/Combosquat/combo_squat.go:98.19,99.34 1 0
github.com/official-biswadeb941/Infermal_v2/Modules/Domain_Generator/Combosquat/combo_squat.go:99.34,100.18 1 0
github.com/official-biswadeb941/Infermal_v2/Modules/Domain_Generator/Combosquat/combo_squat.go:100.18,105.5 4 0
github.com/official-biswadeb941/Infermal_v2/Modules/Domain_Generator/Combosquat/combo_squat.go:110.2,110.32 1 0
github.com/official-biswadeb941/Infermal_v2/Modules/Domain_Generator/Combosquat/combo_squat.go:110.32,115.3 4 0
github.com/official-biswadeb941/Infermal_v2/Modules/Domain_Generator/Combosquat/combo_squat.go:117.2,117.12 1 0
github.com/official-biswadeb941/Infermal_v2/Modules/Domain_Generator/Combosquat/combo_squat.go:124.41,131.31 5 0
github.com/official-biswadeb941/Infermal_v2/Modules/Domain_Generator/Combosquat/combo_squat.go:131.31,132.18 1 0
github.com/official-biswadeb941/Infermal_v2/Modules/Domain_Generator/Combosquat/combo_squat.go:132.18,133.12 1 0
github.com/official-biswadeb941/Infermal_v2/Modules/Domain_Generator/Combosquat/combo_squat.go:135.3,135.14 1 0
github.com/official-biswadeb941/Infermal_v2/Modules/Domain_Generator/Combosquat/combo_squat.go:135.14,136.12 1 0
github.com/official-biswadeb941/Infermal_v2/Modules/Domain_Generator/Combosquat/combo_squat.go:138.3,141.42 2 0
github.com/official-biswadeb941/Infermal_v2/Modules/Domain_Generator/Combosquat/combo_squat.go:141.42,143.4 1 0
github.com/official-biswadeb941/Infermal_v2/Modules/Domain_Generator/Combosquat/combo_squat.go:146.2,146.15 1 0
github.com/official-biswadeb941/Infermal_v2/Modules/Domain_Generator/Typo_squat/typo_squat.go:20.48,24.34 3 0
github.com/official-biswadeb941/Infermal_v2/Modules/Domain_Generator/Typo_squat/typo_squat.go:24.34,26.3 1 0
github.com/official-biswadeb941/Infermal_v2/Modules/Domain_Generator/Typo_squat/typo_squat.go:27.2,27.12 1 0
github.com/official-biswadeb941/Infermal_v2/Modules/Domain_Generator/Typo_squat/typo_squat.go:30.53,34.36 3 0
github.com/official-biswadeb941/Infermal_v2/Modules/Domain_Generator/Typo_squat/typo_squat.go:34.36,39.3 4 0
github.com/official-biswadeb941/Infermal_v2/Modules/Domain_Generator/Typo_squat/typo_squat.go:40.2,40.12 1 0
github.com/official-biswadeb941/Infermal_v2/Modules/Domain_Generator/Typo_squat/typo_squat.go:43.52,47.26 3 0
github.com/official-biswadeb941/Infermal_v2/Modules/Domain_Generator/Typo_squat/typo_squat.go:47.26,48.40 1 0
github.com/official-biswadeb941/Infermal_v2/Modules/Domain_Generator/Typo_squat/typo_squat.go:48.40,49.32 1 0
github.com/official-biswadeb941/Infermal_v2/Modules/Domain_Generator/Typo_squat/typo_squat.go:49.32,54.5 4 0
github.com/official-biswadeb941/Infermal_v2/Modules/Domain_Generator/Typo_squat/typo_squat.go:57.2,57.12 1 0
github.com/official-biswadeb941/Infermal_v2/Modules/Domain_Generator/Typo_squat/typo_squat.go:60.45,65.43 3 0
github.com/official-biswadeb941/Infermal_v2/Modules/Domain_Generator/Typo_squat/typo_squat.go:65.43,67.3 1 0
github.com/official-biswadeb941/Infermal_v2/Modules/Domain_Generator/Typo_squat/typo_squat.go:70.2,70.48 1 0
github.com/official-biswadeb941/Infermal_v2/Modules/Domain_Generator/Typo_squat/typo_squat.go:70.48,72.3 1 0
github.com/official-biswadeb941/Infermal_v2/Modules/Domain_Generator/Typo_squat/typo_squat.go:75.2,75.47 1 0
github.com/official-biswadeb941/Infermal_v2/Modules/Domain_Generator/Typo_squat/typo_squat.go:75.47,77.3 1 0
github.com/official-biswadeb941/Infermal_v2/Modules/Domain_Generator/Typo_squat/typo_squat.go:80.2,81.28 2 0
github.com/official-biswadeb941/Infermal_v2/Modules/Domain_Generator/Typo_squat/typo_squat.go:81.28,82.22 1 0
github.com/official-biswadeb941/Infermal_v2/Modules/Domain_Generator/Typo_squat/typo_squat.go:82.22,84.4 1 0
github.com/official-biswadeb941/Infermal_v2/Modules/Domain_Generator/Typo_squat/typo_squat.go:87.2,87.12 1 0
github.com/official-biswadeb941/Infermal_v2/Modules/Domain_Generator/Typo_squat/typo_squat.go:93.38,95.2 1 0
github.com/official-biswadeb941/Infermal_v2/Modules/Domain_Generator/Subdomain_squat/subdomain_squat.go:10.35,12.2 1 0
github.com/official-biswadeb941/Infermal_v2/Modules/Domain_Generator/Subdomain_squat/subdomain_squat.go:17.61,21.32 3 0
github.com/official-biswadeb941/Infermal_v2/Modules/Domain_Generator/Subdomain_squat/subdomain_squat.go:21.32,27.3 4 0
github.com/official-biswadeb941/Infermal_v2/Modules/Domain_Generator/Subdomain_squat/subdomain_squat.go:29.2,29.12 1 0
github.com/official-biswadeb941/Infermal_v2/Modules/Domain_Generator/Subdomain_squat/subdomain_squat.go:35.57,39.32 3 0
github.com/official-biswadeb941/Infermal_v2/Modules/Domain_Generator/Subdomain_squat/subdomain_squat.go:39.32,51.3 8 0
github.com/official-biswadeb941/Infermal_v2/Modules/Domain_Generator/Subdomain_squat/subdomain_squat.go:53.2,53.12 1 0
[...]
github.com/official-biswadeb941/Infermal_v2/Modules/Redis/redis_utils.go:80.71,81.19 1 0
github.com/official-biswadeb941/Infermal_v2/Modules/Redis/redis_utils.go:81.19,83.3 1 0
github.com/official-biswadeb941/Infermal_v2/Modules/Redis/redis_utils.go:85.2,94.17 3 0
github.com/official-biswadeb941/Infermal_v2/Modules/Redis/redis_utils.go:94.17,106.3 1 0
github.com/official-biswadeb941/Infermal_v2/Modules/Redis/redis_utils.go:106.8,119.3 1 0
github.com/official-biswadeb941/Infermal_v2/Modules/Redis/redis_utils.go:121.2,123.61 2 0
github.com/official-biswadeb941/Infermal_v2/Modules/Redis/redis_utils.go:123.61,125.3 1 0
github.com/official-biswadeb941/Infermal_v2/Modules/Redis/redis_utils.go:127.2,130.15 3 0
github.com/official-biswadeb941/Infermal_v2/Modules/Redis/redis_utils.go:139.63,143.6 3 0
github.com/official-biswadeb941/Infermal_v2/Modules/Redis/redis_utils.go:143.6,144.10 1 0
github.com/official-biswadeb941/Infermal_v2/Modules/Redis/redis_utils.go:145.21,146.20 1 0
github.com/official-biswadeb941/Infermal_v2/Modules/Redis/redis_utils.go:147.11,147.11 0 0
github.com/official-biswadeb941/Infermal_v2/Modules/Redis/redis_utils.go:150.3,151.17 2 0
github.com/official-biswadeb941/Infermal_v2/Modules/Redis/redis_utils.go:151.17,153.4 1 0
github.com/official-biswadeb941/Infermal_v2/Modules/Redis/redis_utils.go:155.3,158.27 3 0
github.com/official-biswadeb941/Infermal_v2/Modules/Redis/redis_utils.go:158.27,160.28 2 0
github.com/official-biswadeb941/Infermal_v2/Modules/Redis/redis_utils.go:160.28,162.5 1 0
github.com/official-biswadeb941/Infermal_v2/Modules/Redis/redis_utils.go:167.44,170.12 2 0
github.com/official-biswadeb941/Infermal_v2/Modules/Redis/redis_utils.go:170.12,176.7 4 0
github.com/official-biswadeb941/Infermal_v2/Modules/Redis/redis_utils.go:176.7,177.11 1 0
github.com/official-biswadeb941/Infermal_v2/Modules/Redis/redis_utils.go:178.22,179.11 1 0
github.com/official-biswadeb941/Infermal_v2/Modules/Redis/redis_utils.go:181.20,186.19 4 0
github.com/official-biswadeb941/Infermal_v2/Modules/Redis/redis_utils.go:186.19,189.6 2 0
github.com/official-biswadeb941/Infermal_v2/Modules/Redis/redis_utils.go:201.44,202.20 1 0
github.com/official-biswadeb941/Infermal_v2/Modules/Redis/redis_utils.go:202.20,204.3 1 0
github.com/official-biswadeb941/Infermal_v2/Modules/Redis/redis_utils.go:205.2,205.21 1 0
github.com/official-biswadeb941/Infermal_v2/Modules/Redis/redis_utils.go:214.37,216.23 2 0
github.com/official-biswadeb941/Infermal_v2/Modules/Redis/redis_utils.go:216.23,219.3 2 0
github.com/official-biswadeb941/Infermal_v2/Modules/Redis/redis_utils.go:220.2,225.25 5 0
github.com/official-biswadeb941/Infermal_v2/Modules/Resource/resource.go:38.35,43.16 3 0
github.com/official-biswadeb941/Infermal_v2/Modules/Resource/resource.go:43.16,45.3 1 0
github.com/official-biswadeb941/Infermal_v2/Modules/Resource/resource.go:45.8,54.3 2 0
github.com/official-biswadeb941/Infermal_v2/Modules/Resource/resource.go:57.2,57.33 1 0
github.com/official-biswadeb941/Infermal_v2/Modules/Resource/resource.go:57.33,65.3 2 0
github.com/official-biswadeb941/Infermal_v2/Modules/Resource/resource.go:65.8,67.3 1 0
github.com/official-biswadeb941/Infermal_v2/Modules/Resource/resource.go:70.2,70.33 1 0
github.com/official-biswadeb941/Infermal_v2/Modules/Resource/resource.go:70.33,78.3 2 0
github.com/official-biswadeb941/Infermal_v2/Modules/Resource/resource.go:78.8,80.3 1 0
github.com/official-biswadeb941/Infermal_v2/Modules/Resource/resource.go:83.2,83.28 1 0
github.com/official-biswadeb941/Infermal_v2/Modules/Resource/resource.go:83.28,85.3 1 0
github.com/official-biswadeb941/Infermal_v2/Modules/Resource/resource.go:87.2,87.13 1 0
github.com/official-biswadeb941/Infermal_v2/Modules/Resource/resource.go:91.60,94.28 2 0
github.com/official-biswadeb941/Infermal_v2/Modules/Resource/resource.go:94.28,96.3 1 0
github.com/official-biswadeb941/Infermal_v2/Modules/Resource/resource.go:98.2,99.33 2 0
github.com/official-biswadeb941/Infermal_v2/Modules/Resource/resource.go:99.33,100.27 1 0
github.com/official-biswadeb941/Infermal_v2/Modules/Resource/resource.go:100.27,102.4 1 0
github.com/official-biswadeb941/Infermal_v2/Modules/Resource/resource.go:105.2,105.52 1 0
github.com/official-biswadeb941/Infermal_v2/Modules/Resource/resource.go:108.33,109.34 1 0
github.com/official-biswadeb941/Infermal_v2/Modules/Resource/resource.go:109.34,111.3 1 0
github.com/official-biswadeb941/Infermal_v2/Modules/Resource/resource.go:112.2,112.75 1 0
github.com/official-biswadeb941/Infermal_v2/Modules/UI/ui.go:10.48,14.6 3 0
github.com/official-biswadeb941/Infermal_v2/Modules/UI/ui.go:14.6,15.10 1 0
github.com/official-biswadeb941/Infermal_v2/Modules/UI/ui.go:16.15,18.10 2 0
github.com/official-biswadeb941/Infermal_v2/Modules/UI/ui.go:19.11,22.38 3 0
github.com/official-biswadeb941/Infermal_v2/Modules/UI/ui.go:27.30,31.2 3 0
github.com/official-biswadeb941/Infermal_v2/Modules/UI/ui.go:34.62,41.2 5 0
github.com/official-biswadeb941/Infermal_v2/Modules/Worker/worker.go:20.76,21.17 1 0
github.com/official-biswadeb941/Infermal_v2/Modules/Worker/worker.go:21.17,23.3 1 0
github.com/official-biswadeb941/Infermal_v2/Modules/Worker/worker.go:24.2,24.23 1 0
github.com/official-biswadeb941/Infermal_v2/Modules/Worker/worker.go:24.23,26.3 1 0
github.com/official-biswadeb941/Infermal_v2/Modules/Worker/worker.go:27.2,27.28 1 0
github.com/official-biswadeb941/Infermal_v2/Modules/Worker/worker.go:27.28,29.3 1 0
github.com/official-biswadeb941/Infermal_v2/Modules/Worker/worker.go:30.2,30.32 1 0
github.com/official-biswadeb941/Infermal_v2/Modules/Worker/worker.go:30.32,32.3 1 0
github.com/official-biswadeb941/Infermal_v2/Modules/Worker/worker.go:33.2,33.34 1 0
github.com/official-biswadeb941/Infermal_v2/Modules/Worker/worker.go:33.34,35.3 1 0
github.com/official-biswadeb941/Infermal_v2/Modules/Worker/worker.go:36.2,36.31 1 0
github.com/official-biswadeb941/Infermal_v2/Modules/Worker/worker.go:36.31,38.3 1 0
github.com/official-biswadeb941/Infermal_v2/Modules/Worker/worker.go:39.2,39.25 1 0
github.com/official-biswadeb941/Infermal_v2/Modules/Worker/worker.go:39.25,41.3 1 0
github.com/official-biswadeb941/Infermal_v2/Modules/Worker/worker.go:44.2,44.25 1 0
github.com/official-biswadeb941/Infermal_v2/Modules/Worker/worker.go:44.25,46.3 1 0
github.com/official-biswadeb941/Infermal_v2/Modules/Worker/worker.go:48.2,48.15 1 0
github.com/official-biswadeb941/Infermal_v2/Modules/Worker/worker.go:48.15,50.3 1 0
github.com/official-biswadeb941/Infermal_v2/Modules/Worker/worker.go:52.2,52.26 1 0
github.com/official-biswadeb941/Infermal_v2/Modules/Worker/worker.go:52.26,54.3 1 0
github.com/official-biswadeb941/Infermal_v2/Modules/Worker/worker.go:55.2,55.28 1 0
github.com/official-biswadeb941/Infermal_v2/Modules/Worker/worker.go:55.28,57.3 1 0
github.com/official-biswadeb941/Infermal_v2/Modules/Worker/worker.go:58.2,58.28 1 0
github.com/official-biswadeb941/Infermal_v2/Modules/Worker/worker.go:58.28,60.3 1 0
github.com/official-biswadeb941/Infermal_v2/Modules/Worker/worker.go:62.2,73.28 3 0
github.com/official-biswadeb941/Infermal_v2/Modules/Worker/worker.go:73.28,75.3 1 0
github.com/official-biswadeb941/Infermal_v2/Modules/Worker/worker.go:77.2,77.20 1 0
github.com/official-biswadeb941/Infermal_v2/Modules/Worker/worker.go:77.20,80.3 2 0
github.com/official-biswadeb941/Infermal_v2/Modules/Worker/worker.go:82.2,82.11 1 0
github.com/official-biswadeb941/Infermal_v2/Modules/Worker/worker.go:85.110,86.14 1 0
github.com/official-biswadeb941/Infermal_v2/Modules/Worker/worker.go:86.14,88.3 1 0
github.com/official-biswadeb941/Infermal_v2/Modules/Worker/worker.go:91.2,96.15 4 0
github.com/official-biswadeb941/Infermal_v2/Modules/Worker/worker.go:96.15,97.37 1 0
github.com/official-biswadeb941/Infermal_v2/Modules/Worker/worker.go:97.37,98.53 1 0
github.com/official-biswadeb941/Infermal_v2/Modules/Worker/worker.go:98.53,100.5 1 0
github.com/official-biswadeb941/Infermal_v2/Modules/Worker/worker.go:102.3,102.36 1 0
github.com/official-biswadeb941/Infermal_v2/Modules/Worker/worker.go:102.36,108.4 4 0
github.com/official-biswadeb941/Infermal_v2/Modules/Worker/worker.go:112.2,112.26 1 0
github.com/official-biswadeb941/Infermal_v2/Modules/Worker/worker.go:112.26,115.3 2 0
github.com/official-biswadeb941/Infermal_v2/Modules/Worker/worker.go:118.2,131.15 4 0
github.com/official-biswadeb941/Infermal_v2/Modules/Worker/worker.go:131.15,140.22 2 0
github.com/official-biswadeb941/Infermal_v2/Modules/Worker/worker.go:140.22,142.34 2 0
github.com/official-biswadeb941/Infermal_v2/Modules/Worker/worker.go:142.34,147.5 3 0
github.com/official-biswadeb941/Infermal_v2/Modules/Worker/worker.go:152.2,152.26 1 0
github.com/official-biswadeb941/Infermal_v2/Modules/Worker/worker.go:152.26,156.3 2 0
github.com/official-biswadeb941/Infermal_v2/Modules/Worker/worker.go:157.2,166.20 8 0
github.com/official-biswadeb941/Infermal_v2/Modules/Worker/worker.go:170.30,173.2 1 0
github.com/official-biswadeb941/Infermal_v2/Modules/Worker/worker.go:175.35,190.2 8 0
github.com/official-biswadeb941/Infermal_v2/Modules/Worker/worker.go:192.42,194.6 2 0
github.com/official-biswadeb941/Infermal_v2/Modules/Worker/worker.go:194.6,196.44 2 0
github.com/official-biswadeb941/Infermal_v2/Modules/Worker/worker.go:196.44,197.11 1 0
github.com/official-biswadeb941/Infermal_v2/Modules/Worker/worker.go:198.25,200.11 2 0
github.com/official-biswadeb941/Infermal_v2/Modules/Worker/worker.go:201.18,203.11 2 0
github.com/official-biswadeb941/Infermal_v2/Modules/Worker/worker.go:204.12,204.12 0 0
github.com/official-biswadeb941/Infermal_v2/Modules/Worker/worker.go:206.4,206.17 1 0
github.com/official-biswadeb941/Infermal_v2/Modules/Worker/worker.go:208.3,208.16 1 0
github.com/official-biswadeb941/Infermal_v2/Modules/Worker/worker.go:208.16,211.4 2 0
github.com/official-biswadeb941/Infermal_v2/Modules/Worker/worker.go:212.3,215.18 3 0
github.com/official-biswadeb941/Infermal_v2/Modules/Worker/worker.go:215.18,216.12 1 0
github.com/official-biswadeb941/Infermal_v2/Modules/Worker/worker.go:218.3,218.32 1 0
github.com/official-biswadeb941/Infermal_v2/Modules/Worker/worker.go:218.32,221.4 1 0
github.com/official-biswadeb941/Infermal_v2/Modules/Worker/worker.go:225.39,226.55 1 0
github.com/official-biswadeb941/Infermal_v2/Modules/Worker/worker.go:226.55,228.3 1 0
github.com/official-biswadeb941/Infermal_v2/Modules/Worker/worker.go:229.2,229.68 1 0
github.com/official-biswadeb941/Infermal_v2/Modules/Worker/worker.go:235.109,238.37 2 0
github.com/official-biswadeb941/Infermal_v2/Modules/Worker/worker.go:238.37,240.3 1 0
github.com/official-biswadeb941/Infermal_v2/Modules/Worker/worker.go:242.2,242.11 1 0
github.com/official-biswadeb941/Infermal_v2/Modules/Worker/worker_internal.go:9.52,15.15 4 0
github.com/official-biswadeb941/Infermal_v2/Modules/Worker/worker_internal.go:15.15,18.17 3 0
github.com/official-biswadeb941/Infermal_v2/Modules/Worker/worker_internal.go:18.17,20.4 1 0
github.com/official-biswadeb941/Infermal_v2/Modules/Worker/worker_internal.go:21.3,24.21 2 0
github.com/official-biswadeb941/Infermal_v2/Modules/Worker/worker_internal.go:24.21,27.58 2 0
github.com/official-biswadeb941/Infermal_v2/Modules/Worker/worker_internal.go:27.58,29.5 1 0
github.com/official-biswadeb941/Infermal_v2/Modules/Worker/worker_internal.go:30.4,33.23 2 0
github.com/official-biswadeb941/Infermal_v2/Modules/Worker/worker_internal.go:33.23,35.24 2 0
github.com/official-biswadeb941/Infermal_v2/Modules/Worker/worker_internal.go:35.24,40.6 3 0
github.com/official-biswadeb941/Infermal_v2/Modules/Worker/worker_internal.go:46.2,46.35 1 0
github.com/official-biswadeb941/Infermal_v2/Modules/Worker/worker_internal.go:46.35,48.3 1 0
github.com/official-biswadeb941/Infermal_v2/Modules/Worker/worker_internal.go:51.2,57.29 2 0
github.com/official-biswadeb941/Infermal_v2/Modules/Worker/worker_internal.go:57.29,59.3 1 0
github.com/official-biswadeb941/Infermal_v2/Modules/Worker/worker_internal.go:60.2,60.33 1 0
github.com/official-biswadeb941/Infermal_v2/Modules/Worker/worker_internal.go:60.33,62.3 1 0
github.com/official-biswadeb941/Infermal_v2/Modules/Worker/worker_internal.go:63.2,63.31 1 0
github.com/official-biswadeb941/Infermal_v2/Modules/Worker/worker_internal.go:63.31,64.15 1 0
github.com/official-biswadeb941/Infermal_v2/Modules/Worker/worker_internal.go:64.15,66.4 1 0
github.com/official-biswadeb941/Infermal_v2/Modules/Worker/worker_internal.go:70.2,73.36 2 0
github.com/official-biswadeb941/Infermal_v2/Modules/Worker/worker_internal.go:73.36,75.3 1 0
github.com/official-biswadeb941/Infermal_v2/Modules/Worker/worker_internal.go:78.56,79.6 1 0
github.com/official-biswadeb941/Infermal_v2/Modules/Worker/worker_internal.go:79.6,80.10 1 0
github.com/official-biswadeb941/Infermal_v2/Modules/Worker/worker_internal.go:81.17,82.18 1 0
github.com/official-biswadeb941/Infermal_v2/Modules/Worker/worker_internal.go:83.25,84.10 1 0
github.com/official-biswadeb941/Infermal_v2/Modules/Worker/worker_internal.go:85.24,86.10 1 0
github.com/official-biswadeb941/Infermal_v2/Modules/Worker/worker_internal.go:91.35,96.18 4 0
github.com/official-biswadeb941/Infermal_v2/Modules/Worker/worker_internal.go:96.18,98.3 1 0
github.com/official-biswadeb941/Infermal_v2/Modules/Worker/worker_internal.go:100.2,103.23 3 0
github.com/official-biswadeb941/Infermal_v2/Modules/Worker/worker_internal.go:103.23,108.3 4 0
github.com/official-biswadeb941/Infermal_v2/Modules/Worker/worker_internal.go:110.2,115.40 4 0
github.com/official-biswadeb941/Infermal_v2/Modules/Worker/worker_internal.go:115.40,117.46 2 0
github.com/official-biswadeb941/Infermal_v2/Modules/Worker/worker_internal.go:117.46,120.4 2 0
github.com/official-biswadeb941/Infermal_v2/Modules/Worker/worker_internal.go:121.3,123.9 3 0
github.com/official-biswadeb941/Infermal_v2/Modules/Worker/worker_internal.go:127.2,127.81 1 0
github.com/official-biswadeb941/Infermal_v2/Modules/Worker/worker_internal.go:127.81,128.32 1 0
github.com/official-biswadeb941/Infermal_v2/Modules/Worker/worker_internal.go:128.32,131.4 2 0
github.com/official-biswadeb941/Infermal_v2/Modules/Worker/worker_internal.go:132.3,132.65 1 0
github.com/official-biswadeb941/Infermal_v2/Modules/Worker/worker_internal.go:132.65,134.4 1 0
github.com/official-biswadeb941/Infermal_v2/Modules/Worker/worker_internal.go:135.8,137.3 1 0
github.com/official-biswadeb941/Infermal_v2/Modules/Worker/worker_internal.go:140.36,144.46 3 0
github.com/official-biswadeb941/Infermal_v2/Modules/Worker/worker_internal.go:144.46,146.3 1 0
github.com/official-biswadeb941/Infermal_v2/Modules/Worker/worker_internal.go:148.2,148.44 1 0
github.com/official-biswadeb941/Infermal_v2/Modules/Worker/worker_internal.go:148.44,152.11 4 0
github.com/official-biswadeb941/Infermal_v2/Modules/Worker/worker_internal.go:152.11,161.4 7 0
github.com/official-biswadeb941/Infermal_v2/Modules/Worker/worker_internal.go:162.3,162.16 1 0
github.com/official-biswadeb941/Infermal_v2/Modules/Worker/worker_internal.go:166.45,168.9 1 0
github.com/official-biswadeb941/Infermal_v2/Modules/Worker/worker_internal.go:169.24,169.24 0 0
github.com/official-biswadeb941/Infermal_v2/Modules/Worker/worker_internal.go:171.10,172.24 1 0
github.com/official-biswadeb941/Infermal_v2/Modules/Worker/worker_internal.go:175.2,178.31 3 0
github.com/official-biswadeb941/Infermal_v2/Modules/Worker/worker_internal.go:178.31,180.17 2 0
github.com/official-biswadeb941/Infermal_v2/Modules/Worker/worker_internal.go:180.17,184.4 3 0
github.com/official-biswadeb941/Infermal_v2/Modules/Worker/worker_internal.go:185.3,185.16 1 0
github.com/official-biswadeb941/Infermal_v2/Modules/Worker/worker_internal.go:189.2,194.14 3 0
github.com/official-biswadeb941/Infermal_v2/Modules/Worker/worker_types.go:90.35,90.53 1 0
github.com/official-biswadeb941/Infermal_v2/Modules/Worker/worker_types.go:92.45,93.38 1 0
github.com/official-biswadeb941/Infermal_v2/Modules/Worker/worker_types.go:93.38,95.3 1 0
github.com/official-biswadeb941/Infermal_v2/Modules/Worker/worker_types.go:96.2,96.40 1 0
github.com/official-biswadeb941/Infermal_v2/Modules/Worker/worker_types.go:99.40,102.2 2 0
github.com/official-biswadeb941/Infermal_v2/Modules/Worker/worker_types.go:104.46,108.2 3 0
github.com/official-biswadeb941/Infermal_v2/Modules/Worker/worker_types.go:110.44,113.12 3 0
github.com/official-biswadeb941/Infermal_v2/Modules/Worker/worker_types.go:113.12,115.3 1 0
github.com/official-biswadeb941/Infermal_v2/Modules/Worker/worker_types.go:116.2,119.10 4 0
github.com/official-biswadeb941/Infermal_v2/Modules/Worker/worker_utils.go:12.31,14.2 1 0
github.com/official-biswadeb941/Infermal_v2/Modules/Worker/worker_utils.go:16.37,18.2 1 0
github.com/official-biswadeb941/Infermal_v2/Modules/Worker/worker_utils.go:20.37,22.2 1 0
github.com/official-biswadeb941/Infermal_v2/Modules/Worker/worker_utils.go:24.39,26.2 1 0
github.com/official-biswadeb941/Infermal_v2/Modules/Worker/worker_utils.go:28.36,30.2 1 0
github.com/official-biswadeb941/Infermal_v2/Modules/Worker/worker_utils.go:33.29,35.2 1 0
github.com/official-biswadeb941/Infermal_v2/Modules/Worker/worker_utils.go:37.60,38.15 1 0
github.com/official-biswadeb941/Infermal_v2/Modules/Worker/worker_utils.go:38.15,40.3 1 0
github.com/official-biswadeb941/Infermal_v2/Modules/Worker/worker_utils.go:41.2,41.14 1 0
github.com/official-biswadeb941/Infermal_v2/Modules/Worker/worker_utils.go:41.14,42.10 1 0
github.com/official-biswadeb941/Infermal_v2/Modules/Worker/worker_utils.go:43.18,43.18 0 0
github.com/official-biswadeb941/Infermal_v2/Modules/Worker/worker_utils.go:44.11,44.11 0 0
github.com/official-biswadeb941/Infermal_v2/Modules/Worker/worker_utils.go:46.3,46.9 1 0
github.com/official-biswadeb941/Infermal_v2/Modules/Worker/worker_utils.go:48.2,48.11 1 0
github.com/official-biswadeb941/Infermal_v2/Modules/Worker/worker_utils.go:55.64,58.2 2 0
github.com/official-biswadeb941/Infermal_v2/Modules/Worker/worker_utils.go:60.53,62.16 2 0
github.com/official-biswadeb941/Infermal_v2/Modules/Worker/worker_utils.go:62.16,64.3 1 0
github.com/official-biswadeb941/Infermal_v2/Modules/Worker/worker_utils.go:65.2,65.23 1 0
github.com/official-biswadeb941/Infermal_v2/Modules/Worker/worker_utils.go:68.51,72.2 3 0
github.com/official-biswadeb941/Infermal_v2/Modules/Worker/worker_utils.go:79.85,87.47 6 0
github.com/official-biswadeb941/Infermal_v2/Modules/Worker/worker_utils.go:87.47,92.21 4 0
github.com/official-biswadeb941/Infermal_v2/Modules/Worker/worker_utils.go:92.21,93.9 1 0
github.com/official-biswadeb941/Infermal_v2/Modules/Worker/worker_utils.go:97.2,102.3 1 0
github.com/official-biswadeb941/Infermal_v2/Modules/Worker/worker_utils.go:105.60,106.40 1 0
github.com/official-biswadeb941/Infermal_v2/Modules/Worker/worker_utils.go:106.40,108.3 1 0
github.com/official-biswadeb941/Infermal_v2/Modules/Worker/worker_utils.go:109.2,109.24 1 0
github.com/official-biswadeb941/Infermal_v2/Modules/Worker/worker_utils.go:112.55,113.9 1 0
github.com/official-biswadeb941/Infermal_v2/Modules/Worker/worker_utils.go:114.15,114.15 0 0
github.com/official-biswadeb941/Infermal_v2/Modules/Worker/worker_utils.go:115.10,115.10 0 0
github.com/official-biswadeb941/Infermal_v2/Modules/Worker/worker_utils.go:119.27,120.11 1 0
github.com/official-biswadeb941/Infermal_v2/Modules/Worker/worker_utils.go:120.11,122.3 1 0
github.com/official-biswadeb941/Infermal_v2/Modules/Worker/worker_utils.go:123.2,123.10 1 0
github.com/official-biswadeb941/Infermal_v2/Modules/Worker/worker_utils.go:127.50,129.2 1 0
github.com/official-biswadeb941/Infermal_v2/Modules/Worker/worker_utils.go:131.101,138.12 3 0
github.com/official-biswadeb941/Infermal_v2/Modules/Worker/worker_utils.go:138.12,141.3 2 0
github.com/official-biswadeb941/Infermal_v2/Modules/Worker/worker_utils.go:143.2,143.9 1 0
github.com/official-biswadeb941/Infermal_v2/Modules/Worker/worker_utils.go:144.20,145.23 1 0
github.com/official-biswadeb941/Infermal_v2/Modules/Worker/worker_utils.go:146.17,147.22 1 0
